[0m18:32:52.844867 [debug] [MainThread]: Sending event: {'category': 'dbt', 'action': 'invocation', 'label': 'start', 'context': [<snowplow_tracker.self_describing_json.SelfDescribingJson object at 0x7b23513240d0>, <snowplow_tracker.self_describing_json.SelfDescribingJson object at 0x7b235155c590>, <snowplow_tracker.self_describing_json.SelfDescribingJson object at 0x7b2351325750>]}


============================== 18:32:52.858000 | 19781b95-7a8a-4b1d-ac26-02d14fe4b49c ==============================
[0m18:32:52.858000 [info ] [MainThread]: Running with dbt=1.9.1
[0m18:32:52.861345 [debug] [MainThread]: running dbt with arguments {'printer_width': '80', 'indirect_selection': 'eager', 'write_json': 'True', 'log_cache_events': 'False', 'partial_parse': 'True', 'cache_selected_only': 'False', 'profiles_dir': '/root/.dbt', 'version_check': 'True', 'debug': 'False', 'log_path': '/usr/app/logs', 'warn_error': 'None', 'fail_fast': 'False', 'use_colors': 'True', 'use_experimental_parser': 'False', 'no_print': 'None', 'quiet': 'False', 'empty': 'None', 'warn_error_options': 'WarnErrorOptions(include=[], exclude=[])', 'static_parser': 'True', 'invocation_command': 'dbt debug', 'log_format': 'default', 'target_path': 'None', 'introspect': 'True', 'send_anonymous_usage_stats': 'True'}
[0m18:32:52.894115 [info ] [MainThread]: dbt version: 1.9.1
[0m18:32:52.896738 [info ] [MainThread]: python version: 3.11.14
[0m18:32:52.898387 [info ] [MainThread]: python path: /usr/local/bin/python3.11
[0m18:32:52.899886 [info ] [MainThread]: os info: Linux-6.6.87.2-microsoft-standard-WSL2-x86_64-with-glibc2.41
[0m18:32:53.032851 [info ] [MainThread]: Using profiles dir at /root/.dbt
[0m18:32:53.034721 [info ] [MainThread]: Using profiles.yml file at /root/.dbt/profiles.yml
[0m18:32:53.036352 [info ] [MainThread]: Using dbt_project.yml file at /usr/app/dbt_project.yml
[0m18:32:53.038401 [info ] [MainThread]: adapter type: postgres
[0m18:32:53.040251 [info ] [MainThread]: adapter version: 1.9.1
[0m18:32:53.125009 [info ] [MainThread]: Configuration:
[0m18:32:53.127274 [info ] [MainThread]:   profiles.yml file [[32mOK found and valid[0m]
[0m18:32:53.128734 [info ] [MainThread]:   dbt_project.yml file [[32mOK found and valid[0m]
[0m18:32:53.129865 [info ] [MainThread]: Required dependencies:
[0m18:32:53.131426 [debug] [MainThread]: Executing "git --help"
[0m18:32:53.154491 [debug] [MainThread]: STDOUT: "b"usage: git [-v | --version] [-h | --help] [-C <path>] [-c <name>=<value>]\n           [--exec-path[=<path>]] [--html-path] [--man-path] [--info-path]\n           [-p | --paginate | -P | --no-pager] [--no-replace-objects] [--no-lazy-fetch]\n           [--no-optional-locks] [--no-advice] [--bare] [--git-dir=<path>]\n           [--work-tree=<path>] [--namespace=<name>] [--config-env=<name>=<envvar>]\n           <command> [<args>]\n\nThese are common Git commands used in various situations:\n\nstart a working area (see also: git help tutorial)\n   clone     Clone a repository into a new directory\n   init      Create an empty Git repository or reinitialize an existing one\n\nwork on the current change (see also: git help everyday)\n   add       Add file contents to the index\n   mv        Move or rename a file, a directory, or a symlink\n   restore   Restore working tree files\n   rm        Remove files from the working tree and from the index\n\nexamine the history and state (see also: git help revisions)\n   bisect    Use binary search to find the commit that introduced a bug\n   diff      Show changes between commits, commit and working tree, etc\n   grep      Print lines matching a pattern\n   log       Show commit logs\n   show      Show various types of objects\n   status    Show the working tree status\n\ngrow, mark and tweak your common history\n   branch    List, create, or delete branches\n   commit    Record changes to the repository\n   merge     Join two or more development histories together\n   rebase    Reapply commits on top of another base tip\n   reset     Reset current HEAD to the specified state\n   switch    Switch branches\n   tag       Create, list, delete or verify a tag object signed with GPG\n\ncollaborate (see also: git help workflows)\n   fetch     Download objects and refs from another repository\n   pull      Fetch from and integrate with another repository or a local branch\n   push      Update remote refs along with associated objects\n\n'git help -a' and 'git help -g' list available subcommands and some\nconcept guides. See 'git help <command>' or 'git help <concept>'\nto read about a specific subcommand or concept.\nSee 'git help git' for an overview of the system.\n""
[0m18:32:53.157357 [debug] [MainThread]: STDERR: "b''"
[0m18:32:53.158863 [info ] [MainThread]:  - git [[32mOK found[0m]

[0m18:32:53.160287 [info ] [MainThread]: Connection:
[0m18:32:53.161510 [info ] [MainThread]:   host: postgres
[0m18:32:53.162477 [info ] [MainThread]:   port: 5432
[0m18:32:53.163674 [info ] [MainThread]:   user: dbt_user
[0m18:32:53.164827 [info ] [MainThread]:   database: dbt_warehouse
[0m18:32:53.165704 [info ] [MainThread]:   schema: dev_schema
[0m18:32:53.166616 [info ] [MainThread]:   connect_timeout: 10
[0m18:32:53.167958 [info ] [MainThread]:   role: None
[0m18:32:53.169123 [info ] [MainThread]:   search_path: None
[0m18:32:53.170328 [info ] [MainThread]:   keepalives_idle: 0
[0m18:32:53.171455 [info ] [MainThread]:   sslmode: None
[0m18:32:53.174464 [info ] [MainThread]:   sslcert: None
[0m18:32:53.176059 [info ] [MainThread]:   sslkey: None
[0m18:32:53.177543 [info ] [MainThread]:   sslrootcert: None
[0m18:32:53.178933 [info ] [MainThread]:   application_name: dbt
[0m18:32:53.180480 [info ] [MainThread]:   retries: 1
[0m18:32:53.181874 [info ] [MainThread]: Registered adapter: postgres=1.9.1
[0m18:32:53.239985 [debug] [MainThread]: Acquiring new postgres connection 'debug'
[0m18:32:53.307270 [debug] [MainThread]: Using postgres connection "debug"
[0m18:32:53.309591 [debug] [MainThread]: On debug: select 1 as id
[0m18:32:53.311577 [debug] [MainThread]: Opening a new connection, currently in state init
[0m18:32:53.400074 [debug] [MainThread]: SQL status: SELECT 1 in 0.088 seconds
[0m18:32:53.404132 [debug] [MainThread]: On debug: Close
[0m18:32:53.407096 [info ] [MainThread]:   Connection test: [[32mOK connection ok[0m]

[0m18:32:53.413456 [info ] [MainThread]: [32mAll checks passed![0m
[0m18:32:53.417254 [debug] [MainThread]: Resource report: {"command_name": "debug", "command_success": true, "command_wall_clock_time": 0.7343056, "process_in_blocks": "98408", "process_kernel_time": 1.068296, "process_mem_max_rss": "113212", "process_out_blocks": "1688", "process_user_time": 1.557591}
[0m18:32:53.419787 [debug] [MainThread]: Command `dbt debug` succeeded at 18:32:53.419527 after 0.74 seconds
[0m18:32:53.422216 [debug] [MainThread]: Connection 'debug' was properly closed.
[0m18:32:53.424271 [debug] [MainThread]: Sending event: {'category': 'dbt', 'action': 'invocation', 'label': 'end', 'context': [<snowplow_tracker.self_describing_json.SelfDescribingJson object at 0x7b235200e950>, <snowplow_tracker.self_describing_json.SelfDescribingJson object at 0x7b23505ab550>, <snowplow_tracker.self_describing_json.SelfDescribingJson object at 0x7b235136ee50>]}
[0m18:32:53.427181 [debug] [MainThread]: Flushing usage events
[0m18:32:54.018172 [debug] [MainThread]: An error was encountered while trying to flush usage events
[0m10:15:19.965473 [debug] [MainThread]: Sending event: {'category': 'dbt', 'action': 'invocation', 'label': 'start', 'context': [<snowplow_tracker.self_describing_json.SelfDescribingJson object at 0x7eb45f2fd6d0>, <snowplow_tracker.self_describing_json.SelfDescribingJson object at 0x7eb45f2fc810>, <snowplow_tracker.self_describing_json.SelfDescribingJson object at 0x7eb45f2fd4d0>]}


============================== 10:15:19.976202 | eba31b25-e129-410f-94b3-a935c8dbf987 ==============================
[0m10:15:19.976202 [info ] [MainThread]: Running with dbt=1.9.1
[0m10:15:19.978779 [debug] [MainThread]: running dbt with arguments {'printer_width': '80', 'indirect_selection': 'eager', 'write_json': 'True', 'log_cache_events': 'False', 'partial_parse': 'True', 'cache_selected_only': 'False', 'warn_error': 'None', 'fail_fast': 'False', 'debug': 'False', 'log_path': '/usr/app/logs', 'profiles_dir': '/root/.dbt', 'version_check': 'True', 'use_colors': 'True', 'use_experimental_parser': 'False', 'no_print': 'None', 'quiet': 'False', 'empty': 'None', 'warn_error_options': 'WarnErrorOptions(include=[], exclude=[])', 'introspect': 'True', 'static_parser': 'True', 'log_format': 'default', 'target_path': 'None', 'invocation_command': 'dbt init dbt_project', 'send_anonymous_usage_stats': 'True'}
[0m10:15:20.007155 [info ] [MainThread]: Setting up your profile.
[0m10:17:32.827021 [debug] [MainThread]: Resource report: {"command_name": "init", "command_success": true, "command_wall_clock_time": 132.95439, "process_in_blocks": "76816", "process_kernel_time": 0.634018, "process_mem_max_rss": "97932", "process_out_blocks": "1656", "process_user_time": 1.230983}
[0m10:17:32.829504 [debug] [MainThread]: Command `dbt init` succeeded at 10:17:32.829321 after 132.96 seconds
[0m10:17:32.831107 [debug] [MainThread]: Sending event: {'category': 'dbt', 'action': 'invocation', 'label': 'end', 'context': [<snowplow_tracker.self_describing_json.SelfDescribingJson object at 0x7eb45f2fd090>, <snowplow_tracker.self_describing_json.SelfDescribingJson object at 0x7eb45f344210>, <snowplow_tracker.self_describing_json.SelfDescribingJson object at 0x7eb4637fe850>]}
[0m10:17:32.832717 [debug] [MainThread]: Flushing usage events
[0m10:17:33.378135 [debug] [MainThread]: An error was encountered while trying to flush usage events
[0m10:34:48.117456 [debug] [MainThread]: Sending event: {'category': 'dbt', 'action': 'invocation', 'label': 'start', 'context': [<snowplow_tracker.self_describing_json.SelfDescribingJson object at 0x7204a3589210>, <snowplow_tracker.self_describing_json.SelfDescribingJson object at 0x7204a33d62d0>, <snowplow_tracker.self_describing_json.SelfDescribingJson object at 0x7204a33d72d0>]}


============================== 10:34:48.134532 | 27456df7-5b7b-4041-bf9d-4e3a8573d9e4 ==============================
[0m10:34:48.134532 [info ] [MainThread]: Running with dbt=1.9.1
[0m10:34:48.138595 [debug] [MainThread]: running dbt with arguments {'printer_width': '80', 'indirect_selection': 'eager', 'log_cache_events': 'False', 'write_json': 'True', 'partial_parse': 'True', 'cache_selected_only': 'False', 'warn_error': 'None', 'fail_fast': 'False', 'version_check': 'True', 'log_path': '/usr/app/logs', 'profiles_dir': '/root/.dbt', 'debug': 'False', 'use_colors': 'True', 'use_experimental_parser': 'False', 'empty': 'None', 'quiet': 'False', 'no_print': 'None', 'log_format': 'default', 'introspect': 'True', 'warn_error_options': 'WarnErrorOptions(include=[], exclude=[])', 'invocation_command': 'dbt init dbt_project', 'target_path': 'None', 'static_parser': 'True', 'send_anonymous_usage_stats': 'True'}
[0m10:34:48.207448 [info ] [MainThread]: Setting up your profile.
[0m10:37:12.119230 [error] [MainThread]: Encountered an error:

[0m10:37:12.155162 [error] [MainThread]: Traceback (most recent call last):
  File "/usr/local/lib/python3.11/site-packages/dbt/cli/requires.py", line 153, in wrapper
    result, success = func(*args, **kwargs)
                      ^^^^^^^^^^^^^^^^^^^^^
  File "/usr/local/lib/python3.11/site-packages/dbt/cli/requires.py", line 103, in wrapper
    return func(*args, **kwargs)
           ^^^^^^^^^^^^^^^^^^^^^
  File "/usr/local/lib/python3.11/site-packages/dbt/cli/main.py", line 477, in init
    results = task.run()
              ^^^^^^^^^^
  File "/usr/local/lib/python3.11/site-packages/dbt/task/init.py", line 320, in run
    self.setup_profile(profile_name)
  File "/usr/local/lib/python3.11/site-packages/dbt/task/init.py", line 262, in setup_profile
    self.create_profile_from_target(adapter, profile_name=profile_name)
  File "/usr/local/lib/python3.11/site-packages/dbt/task/init.py", line 179, in create_profile_from_target
    self.create_profile_from_profile_template(profile_template, profile_name)
  File "/usr/local/lib/python3.11/site-packages/dbt/task/init.py", line 163, in create_profile_from_profile_template
    target = self.generate_target_from_input(prompts, initial_target)
             ^^^^^^^^^^^^^^^^^^^^^^^^^^^^^^^^^^^^^^^^^^^^^^^^^^^^^^^^
  File "/usr/local/lib/python3.11/site-packages/dbt/task/init.py", line 129, in generate_target_from_input
    target[key] = click.prompt(
                  ^^^^^^^^^^^^^
  File "/usr/local/lib/python3.11/site-packages/click/termui.py", line 171, in prompt
    value = prompt_func(prompt)
            ^^^^^^^^^^^^^^^^^^^
  File "/usr/local/lib/python3.11/site-packages/click/termui.py", line 154, in prompt_func
    raise Abort() from None
click.exceptions.Abort

[0m10:37:12.163811 [debug] [MainThread]: Resource report: {"command_name": "init", "command_success": false, "command_wall_clock_time": 144.29124, "process_in_blocks": "91832", "process_kernel_time": 0.632181, "process_mem_max_rss": "102488", "process_out_blocks": "1656", "process_user_time": 2.034833}
[0m10:37:12.167831 [debug] [MainThread]: Command `dbt init` failed at 10:37:12.167451 after 144.30 seconds
[0m10:37:12.172099 [debug] [MainThread]: Sending event: {'category': 'dbt', 'action': 'invocation', 'label': 'end', 'context': [<snowplow_tracker.self_describing_json.SelfDescribingJson object at 0x7204a33f7a50>, <snowplow_tracker.self_describing_json.SelfDescribingJson object at 0x7204a33f7b10>, <snowplow_tracker.self_describing_json.SelfDescribingJson object at 0x7204a37ac190>]}
[0m10:37:12.177316 [debug] [MainThread]: Flushing usage events
[0m10:37:12.894496 [debug] [MainThread]: An error was encountered while trying to flush usage events
[0m10:40:08.482296 [debug] [MainThread]: Sending event: {'category': 'dbt', 'action': 'invocation', 'label': 'start', 'context': [<snowplow_tracker.self_describing_json.SelfDescribingJson object at 0x7f311fff4890>, <snowplow_tracker.self_describing_json.SelfDescribingJson object at 0x7f3120316490>, <snowplow_tracker.self_describing_json.SelfDescribingJson object at 0x7f311fff4210>]}


============================== 10:40:08.500990 | 47f9b72c-9401-4fdd-8a15-e43ed047aafb ==============================
[0m10:40:08.500990 [info ] [MainThread]: Running with dbt=1.9.1
[0m10:40:08.505860 [debug] [MainThread]: running dbt with arguments {'printer_width': '80', 'indirect_selection': 'eager', 'log_cache_events': 'False', 'write_json': 'True', 'partial_parse': 'True', 'cache_selected_only': 'False', 'profiles_dir': '/root/.dbt', 'fail_fast': 'False', 'version_check': 'True', 'log_path': '/usr/app/logs', 'warn_error': 'None', 'debug': 'False', 'use_colors': 'True', 'use_experimental_parser': 'False', 'empty': 'None', 'quiet': 'False', 'no_print': 'None', 'log_format': 'default', 'introspect': 'True', 'invocation_command': 'dbt debug', 'warn_error_options': 'WarnErrorOptions(include=[], exclude=[])', 'target_path': 'None', 'static_parser': 'True', 'send_anonymous_usage_stats': 'True'}
[0m10:40:08.568619 [info ] [MainThread]: dbt version: 1.9.1
[0m10:40:08.571896 [info ] [MainThread]: python version: 3.11.14
[0m10:40:08.575154 [info ] [MainThread]: python path: /usr/local/bin/python3.11
[0m10:40:08.579879 [info ] [MainThread]: os info: Linux-6.6.87.2-microsoft-standard-WSL2-x86_64-with-glibc2.41
[0m10:40:08.771482 [info ] [MainThread]: Using profiles dir at /root/.dbt
[0m10:40:08.774494 [info ] [MainThread]: Using profiles.yml file at /root/.dbt/profiles.yml
[0m10:40:08.776629 [info ] [MainThread]: Using dbt_project.yml file at /usr/app/dbt_project.yml
[0m10:40:08.782338 [info ] [MainThread]: adapter type: postgres
[0m10:40:08.784722 [info ] [MainThread]: adapter version: 1.9.1
[0m10:40:08.878562 [info ] [MainThread]: Configuration:
[0m10:40:08.882347 [info ] [MainThread]:   profiles.yml file [[32mOK found and valid[0m]
[0m10:40:08.885048 [info ] [MainThread]:   dbt_project.yml file [[32mOK found and valid[0m]
[0m10:40:08.887990 [info ] [MainThread]: Required dependencies:
[0m10:40:08.890558 [debug] [MainThread]: Executing "git --help"
[0m10:40:08.949107 [debug] [MainThread]: STDOUT: "b"usage: git [-v | --version] [-h | --help] [-C <path>] [-c <name>=<value>]\n           [--exec-path[=<path>]] [--html-path] [--man-path] [--info-path]\n           [-p | --paginate | -P | --no-pager] [--no-replace-objects] [--no-lazy-fetch]\n           [--no-optional-locks] [--no-advice] [--bare] [--git-dir=<path>]\n           [--work-tree=<path>] [--namespace=<name>] [--config-env=<name>=<envvar>]\n           <command> [<args>]\n\nThese are common Git commands used in various situations:\n\nstart a working area (see also: git help tutorial)\n   clone     Clone a repository into a new directory\n   init      Create an empty Git repository or reinitialize an existing one\n\nwork on the current change (see also: git help everyday)\n   add       Add file contents to the index\n   mv        Move or rename a file, a directory, or a symlink\n   restore   Restore working tree files\n   rm        Remove files from the working tree and from the index\n\nexamine the history and state (see also: git help revisions)\n   bisect    Use binary search to find the commit that introduced a bug\n   diff      Show changes between commits, commit and working tree, etc\n   grep      Print lines matching a pattern\n   log       Show commit logs\n   show      Show various types of objects\n   status    Show the working tree status\n\ngrow, mark and tweak your common history\n   branch    List, create, or delete branches\n   commit    Record changes to the repository\n   merge     Join two or more development histories together\n   rebase    Reapply commits on top of another base tip\n   reset     Reset current HEAD to the specified state\n   switch    Switch branches\n   tag       Create, list, delete or verify a tag object signed with GPG\n\ncollaborate (see also: git help workflows)\n   fetch     Download objects and refs from another repository\n   pull      Fetch from and integrate with another repository or a local branch\n   push      Update remote refs along with associated objects\n\n'git help -a' and 'git help -g' list available subcommands and some\nconcept guides. See 'git help <command>' or 'git help <concept>'\nto read about a specific subcommand or concept.\nSee 'git help git' for an overview of the system.\n""
[0m10:40:08.952745 [debug] [MainThread]: STDERR: "b''"
[0m10:40:08.955248 [info ] [MainThread]:  - git [[32mOK found[0m]

[0m10:40:08.958381 [info ] [MainThread]: Connection:
[0m10:40:08.961305 [info ] [MainThread]:   host: postgres
[0m10:40:08.964416 [info ] [MainThread]:   port: 5432
[0m10:40:08.967667 [info ] [MainThread]:   user: dbt_user
[0m10:40:08.970254 [info ] [MainThread]:   database: dbt_warehouse
[0m10:40:08.972990 [info ] [MainThread]:   schema: dev_schema
[0m10:40:08.975790 [info ] [MainThread]:   connect_timeout: 10
[0m10:40:08.978945 [info ] [MainThread]:   role: None
[0m10:40:08.983036 [info ] [MainThread]:   search_path: None
[0m10:40:08.985735 [info ] [MainThread]:   keepalives_idle: 0
[0m10:40:08.988228 [info ] [MainThread]:   sslmode: None
[0m10:40:08.991003 [info ] [MainThread]:   sslcert: None
[0m10:40:08.994458 [info ] [MainThread]:   sslkey: None
[0m10:40:08.996972 [info ] [MainThread]:   sslrootcert: None
[0m10:40:09.000098 [info ] [MainThread]:   application_name: dbt
[0m10:40:09.002818 [info ] [MainThread]:   retries: 1
[0m10:40:09.005699 [info ] [MainThread]: Registered adapter: postgres=1.9.1
[0m10:40:09.112320 [debug] [MainThread]: Acquiring new postgres connection 'debug'
[0m10:40:09.214544 [debug] [MainThread]: Using postgres connection "debug"
[0m10:40:09.217588 [debug] [MainThread]: On debug: select 1 as id
[0m10:40:09.220357 [debug] [MainThread]: Opening a new connection, currently in state init
[0m10:40:09.356044 [debug] [MainThread]: SQL status: SELECT 1 in 0.136 seconds
[0m10:40:09.361098 [debug] [MainThread]: On debug: Close
[0m10:40:09.364853 [info ] [MainThread]:   Connection test: [[32mOK connection ok[0m]

[0m10:40:09.367988 [info ] [MainThread]: [32mAll checks passed![0m
[0m10:40:09.372601 [debug] [MainThread]: Resource report: {"command_name": "debug", "command_success": true, "command_wall_clock_time": 1.0952699, "process_in_blocks": "102744", "process_kernel_time": 0.562201, "process_mem_max_rss": "113168", "process_out_blocks": "1688", "process_user_time": 1.96357}
[0m10:40:09.375861 [debug] [MainThread]: Command `dbt debug` succeeded at 10:40:09.375521 after 1.10 seconds
[0m10:40:09.378863 [debug] [MainThread]: Connection 'debug' was properly closed.
[0m10:40:09.382146 [debug] [MainThread]: Sending event: {'category': 'dbt', 'action': 'invocation', 'label': 'end', 'context': [<snowplow_tracker.self_describing_json.SelfDescribingJson object at 0x7f311df78750>, <snowplow_tracker.self_describing_json.SelfDescribingJson object at 0x7f311df78290>, <snowplow_tracker.self_describing_json.SelfDescribingJson object at 0x7f3120237e90>]}
[0m10:40:09.384270 [debug] [MainThread]: Flushing usage events
[0m10:40:09.900142 [debug] [MainThread]: An error was encountered while trying to flush usage events
[0m15:37:44.449588 [debug] [MainThread]: Sending event: {'category': 'dbt', 'action': 'invocation', 'label': 'start', 'context': [<snowplow_tracker.self_describing_json.SelfDescribingJson object at 0x7433b46a0a90>, <snowplow_tracker.self_describing_json.SelfDescribingJson object at 0x7433b448ef50>, <snowplow_tracker.self_describing_json.SelfDescribingJson object at 0x7433b448ed50>]}


============================== 15:37:44.471748 | 918c7b5a-738b-4def-8d56-45340bf7af66 ==============================
[0m15:37:44.471748 [info ] [MainThread]: Running with dbt=1.9.1
[0m15:37:44.477163 [debug] [MainThread]: running dbt with arguments {'printer_width': '80', 'indirect_selection': 'eager', 'write_json': 'True', 'log_cache_events': 'False', 'partial_parse': 'True', 'cache_selected_only': 'False', 'profiles_dir': '/root/.dbt', 'debug': 'False', 'warn_error': 'None', 'log_path': 'logs', 'version_check': 'True', 'fail_fast': 'False', 'use_colors': 'True', 'use_experimental_parser': 'False', 'empty': 'False', 'quiet': 'False', 'no_print': 'None', 'warn_error_options': 'WarnErrorOptions(include=[], exclude=[])', 'static_parser': 'True', 'introspect': 'True', 'log_format': 'default', 'target_path': 'None', 'invocation_command': 'dbt run --project-dir dbt_project', 'send_anonymous_usage_stats': 'True'}
[0m15:37:44.485725 [error] [MainThread]: Encountered an error:
Runtime Error
  No dbt_project.yml found at expected path dbt_project/dbt_project.yml
  Verify that each entry within packages.yml (and their transitive dependencies) contains a file named dbt_project.yml
  
[0m15:37:44.495259 [debug] [MainThread]: Resource report: {"command_name": "run", "command_success": false, "command_wall_clock_time": 0.23062448, "process_in_blocks": "77512", "process_kernel_time": 1.399415, "process_mem_max_rss": "97760", "process_out_blocks": "1656", "process_user_time": 2.04761}
[0m15:37:44.499449 [debug] [MainThread]: Command `dbt run` failed at 15:37:44.498940 after 0.24 seconds
[0m15:37:44.503531 [debug] [MainThread]: Sending event: {'category': 'dbt', 'action': 'invocation', 'label': 'end', 'context': [<snowplow_tracker.self_describing_json.SelfDescribingJson object at 0x7433b4460690>, <snowplow_tracker.self_describing_json.SelfDescribingJson object at 0x7433b4462e10>, <snowplow_tracker.self_describing_json.SelfDescribingJson object at 0x7433b8ac5550>]}
[0m15:37:44.507943 [debug] [MainThread]: Flushing usage events
[0m15:37:45.273557 [debug] [MainThread]: An error was encountered while trying to flush usage events
[0m16:23:39.478189 [debug] [MainThread]: Sending event: {'category': 'dbt', 'action': 'invocation', 'label': 'start', 'context': [<snowplow_tracker.self_describing_json.SelfDescribingJson object at 0x7f3c6307aa50>, <snowplow_tracker.self_describing_json.SelfDescribingJson object at 0x7f3c623a8d50>, <snowplow_tracker.self_describing_json.SelfDescribingJson object at 0x7f3c623a9f90>]}


============================== 16:23:39.496137 | a9622ba0-f2b5-43d8-8722-4f5d3e722440 ==============================
[0m16:23:39.496137 [info ] [MainThread]: Running with dbt=1.9.1
[0m16:23:39.500428 [debug] [MainThread]: running dbt with arguments {'printer_width': '80', 'indirect_selection': 'eager', 'write_json': 'True', 'log_cache_events': 'False', 'partial_parse': 'True', 'cache_selected_only': 'False', 'profiles_dir': '/root/.dbt', 'debug': 'False', 'fail_fast': 'False', 'log_path': '/usr/app/logs', 'warn_error': 'None', 'version_check': 'True', 'use_colors': 'True', 'use_experimental_parser': 'False', 'no_print': 'None', 'quiet': 'False', 'empty': 'False', 'warn_error_options': 'WarnErrorOptions(include=[], exclude=[])', 'introspect': 'True', 'static_parser': 'True', 'log_format': 'default', 'target_path': 'None', 'invocation_command': 'dbt run', 'send_anonymous_usage_stats': 'True'}
[0m16:23:39.902778 [debug] [MainThread]: Sending event: {'category': 'dbt', 'action': 'project_id', 'label': 'a9622ba0-f2b5-43d8-8722-4f5d3e722440', 'context': [<snowplow_tracker.self_describing_json.SelfDescribingJson object at 0x7f3c6135fc10>]}
[0m16:23:39.953987 [debug] [MainThread]: Sending event: {'category': 'dbt', 'action': 'adapter_info', 'label': 'a9622ba0-f2b5-43d8-8722-4f5d3e722440', 'context': [<snowplow_tracker.self_describing_json.SelfDescribingJson object at 0x7f3c64fc9650>]}
[0m16:23:39.964360 [info ] [MainThread]: Registered adapter: postgres=1.9.1
[0m16:23:40.071378 [debug] [MainThread]: checksum: 5e8d1596cf4eae33c11286bbb248a722d21b9f00d8a7ced8137c642517055418, vars: {}, profile: , target: , version: 1.9.1
[0m16:23:40.089981 [info ] [MainThread]: Unable to do partial parsing because saved manifest not found. Starting full parse.
[0m16:23:40.094090 [debug] [MainThread]: Sending event: {'category': 'dbt', 'action': 'partial_parser', 'label': 'a9622ba0-f2b5-43d8-8722-4f5d3e722440', 'context': [<snowplow_tracker.self_describing_json.SelfDescribingJson object at 0x7f3c623f7b90>]}
[0m16:23:41.774408 [warn ] [MainThread]: [[33mWARNING[0m]: Configuration paths exist in your dbt_project.yml file which do not apply to any resources.
There are 3 unused configuration paths:
- models.dbt_project.intermediate
- models.dbt_project.marts
- models.dbt_project.staging
[0m16:23:41.785375 [debug] [MainThread]: Sending event: {'category': 'dbt', 'action': 'load_project', 'label': 'a9622ba0-f2b5-43d8-8722-4f5d3e722440', 'context': [<snowplow_tracker.self_describing_json.SelfDescribingJson object at 0x7f3c607c1e90>]}
[0m16:23:41.921106 [debug] [MainThread]: Wrote artifact WritableManifest to /usr/app/target/manifest.json
[0m16:23:42.039810 [debug] [MainThread]: Wrote artifact SemanticManifest to /usr/app/target/semantic_manifest.json
[0m16:23:42.171375 [debug] [MainThread]: Sending event: {'category': 'dbt', 'action': 'resource_counts', 'label': 'a9622ba0-f2b5-43d8-8722-4f5d3e722440', 'context': [<snowplow_tracker.self_describing_json.SelfDescribingJson object at 0x7f3c60743790>]}
[0m16:23:42.174896 [info ] [MainThread]: Found 1 model, 434 macros
[0m16:23:42.179130 [debug] [MainThread]: Sending event: {'category': 'dbt', 'action': 'runnable_timing', 'label': 'a9622ba0-f2b5-43d8-8722-4f5d3e722440', 'context': [<snowplow_tracker.self_describing_json.SelfDescribingJson object at 0x7f3c60b13290>]}
[0m16:23:42.185474 [info ] [MainThread]: 
[0m16:23:42.189034 [info ] [MainThread]: Concurrency: 4 threads (target='dev')
[0m16:23:42.192444 [info ] [MainThread]: 
[0m16:23:42.196778 [debug] [MainThread]: Acquiring new postgres connection 'master'
[0m16:23:42.201733 [debug] [ThreadPool]: Acquiring new postgres connection 'list_dbt_warehouse'
[0m16:23:42.295052 [debug] [ThreadPool]: Using postgres connection "list_dbt_warehouse"
[0m16:23:42.300706 [debug] [ThreadPool]: On list_dbt_warehouse: /* {"app": "dbt", "dbt_version": "1.9.1", "profile_name": "dbt_production_profile", "target_name": "dev", "connection_name": "list_dbt_warehouse"} */

    select distinct nspname from pg_namespace
  
[0m16:23:42.303587 [debug] [ThreadPool]: Opening a new connection, currently in state init
[0m16:23:42.445231 [debug] [ThreadPool]: SQL status: SELECT 4 in 0.142 seconds
[0m16:23:42.449704 [debug] [ThreadPool]: On list_dbt_warehouse: Close
[0m16:23:42.453165 [debug] [ThreadPool]: Re-using an available connection from the pool (formerly list_dbt_warehouse, now create_dbt_warehouse_dev_schema)
[0m16:23:42.456426 [debug] [ThreadPool]: Creating schema "database: "dbt_warehouse"
schema: "dev_schema"
"
[0m16:23:42.465224 [debug] [ThreadPool]: Using postgres connection "create_dbt_warehouse_dev_schema"
[0m16:23:42.468332 [debug] [ThreadPool]: On create_dbt_warehouse_dev_schema: BEGIN
[0m16:23:42.470728 [debug] [ThreadPool]: Opening a new connection, currently in state closed
[0m16:23:42.489843 [debug] [ThreadPool]: SQL status: BEGIN in 0.019 seconds
[0m16:23:42.492939 [debug] [ThreadPool]: Using postgres connection "create_dbt_warehouse_dev_schema"
[0m16:23:42.496498 [debug] [ThreadPool]: On create_dbt_warehouse_dev_schema: /* {"app": "dbt", "dbt_version": "1.9.1", "profile_name": "dbt_production_profile", "target_name": "dev", "connection_name": "create_dbt_warehouse_dev_schema"} */
create schema if not exists "dev_schema"
[0m16:23:42.521520 [debug] [ThreadPool]: SQL status: CREATE SCHEMA in 0.022 seconds
[0m16:23:42.526312 [debug] [ThreadPool]: On create_dbt_warehouse_dev_schema: COMMIT
[0m16:23:42.529639 [debug] [ThreadPool]: Using postgres connection "create_dbt_warehouse_dev_schema"
[0m16:23:42.532658 [debug] [ThreadPool]: On create_dbt_warehouse_dev_schema: COMMIT
[0m16:23:42.544525 [debug] [ThreadPool]: SQL status: COMMIT in 0.008 seconds
[0m16:23:42.547894 [debug] [ThreadPool]: On create_dbt_warehouse_dev_schema: Close
[0m16:23:42.554962 [debug] [ThreadPool]: Acquiring new postgres connection 'list_dbt_warehouse_dev_schema'
[0m16:23:42.565008 [debug] [ThreadPool]: Using postgres connection "list_dbt_warehouse_dev_schema"
[0m16:23:42.569253 [debug] [ThreadPool]: On list_dbt_warehouse_dev_schema: BEGIN
[0m16:23:42.573438 [debug] [ThreadPool]: Opening a new connection, currently in state init
[0m16:23:42.595088 [debug] [ThreadPool]: SQL status: BEGIN in 0.022 seconds
[0m16:23:42.598039 [debug] [ThreadPool]: Using postgres connection "list_dbt_warehouse_dev_schema"
[0m16:23:42.601164 [debug] [ThreadPool]: On list_dbt_warehouse_dev_schema: /* {"app": "dbt", "dbt_version": "1.9.1", "profile_name": "dbt_production_profile", "target_name": "dev", "connection_name": "list_dbt_warehouse_dev_schema"} */
select
      'dbt_warehouse' as database,
      tablename as name,
      schemaname as schema,
      'table' as type
    from pg_tables
    where schemaname ilike 'dev_schema'
    union all
    select
      'dbt_warehouse' as database,
      viewname as name,
      schemaname as schema,
      'view' as type
    from pg_views
    where schemaname ilike 'dev_schema'
    union all
    select
      'dbt_warehouse' as database,
      matviewname as name,
      schemaname as schema,
      'materialized_view' as type
    from pg_matviews
    where schemaname ilike 'dev_schema'
  
[0m16:23:42.658815 [debug] [ThreadPool]: SQL status: SELECT 0 in 0.054 seconds
[0m16:23:42.663256 [debug] [ThreadPool]: On list_dbt_warehouse_dev_schema: ROLLBACK
[0m16:23:42.666119 [debug] [ThreadPool]: On list_dbt_warehouse_dev_schema: Close
[0m16:23:42.674509 [debug] [MainThread]: Using postgres connection "master"
[0m16:23:42.677168 [debug] [MainThread]: On master: BEGIN
[0m16:23:42.680059 [debug] [MainThread]: Opening a new connection, currently in state init
[0m16:23:42.695985 [debug] [MainThread]: SQL status: BEGIN in 0.016 seconds
[0m16:23:42.699534 [debug] [MainThread]: Using postgres connection "master"
[0m16:23:42.702174 [debug] [MainThread]: On master: /* {"app": "dbt", "dbt_version": "1.9.1", "profile_name": "dbt_production_profile", "target_name": "dev", "connection_name": "master"} */
select distinct
        dependent_namespace.nspname as dependent_schema,
        dependent_class.relname as dependent_name,
        referenced_namespace.nspname as referenced_schema,
        referenced_class.relname as referenced_name

    -- Query for views: views are entries in pg_class with an entry in pg_rewrite, but we avoid
    -- a seq scan on pg_rewrite by leveraging the fact there is an "internal" row in pg_depend for
    -- the view...
    from pg_class as dependent_class
    join pg_namespace as dependent_namespace on dependent_namespace.oid = dependent_class.relnamespace
    join pg_depend as dependent_depend on dependent_depend.refobjid = dependent_class.oid
        and dependent_depend.classid = 'pg_rewrite'::regclass
        and dependent_depend.refclassid = 'pg_class'::regclass
        and dependent_depend.deptype = 'i'

    -- ... and via pg_depend (that has a row per column, hence the need for "distinct" above, and
    -- making sure to exclude the internal row to avoid a view appearing to depend on itself)...
    join pg_depend as joining_depend on joining_depend.objid = dependent_depend.objid
        and joining_depend.classid = 'pg_rewrite'::regclass
        and joining_depend.refclassid = 'pg_class'::regclass
        and joining_depend.refobjid != dependent_depend.refobjid

    -- ... we can find the tables they query from in pg_class, but excluding system tables. Note we
    -- don't need need to exclude _dependent_ system tables, because they only query from other
    -- system tables, and so are automatically excluded by excluding _referenced_ system tables
    join pg_class as referenced_class on referenced_class.oid = joining_depend.refobjid
    join pg_namespace as referenced_namespace on referenced_namespace.oid = referenced_class.relnamespace
        and referenced_namespace.nspname != 'information_schema'
        and referenced_namespace.nspname not like 'pg\_%'

    order by
        dependent_schema, dependent_name, referenced_schema, referenced_name;
[0m16:23:42.733003 [debug] [MainThread]: SQL status: SELECT 0 in 0.028 seconds
[0m16:23:42.736902 [debug] [MainThread]: Sending event: {'category': 'dbt', 'action': 'runnable_timing', 'label': 'a9622ba0-f2b5-43d8-8722-4f5d3e722440', 'context': [<snowplow_tracker.self_describing_json.SelfDescribingJson object at 0x7f3c6077fd50>]}
[0m16:23:42.739525 [debug] [MainThread]: On master: ROLLBACK
[0m16:23:42.742862 [debug] [MainThread]: Using postgres connection "master"
[0m16:23:42.746020 [debug] [MainThread]: On master: BEGIN
[0m16:23:42.749505 [debug] [MainThread]: SQL status: BEGIN in 0.001 seconds
[0m16:23:42.752517 [debug] [MainThread]: On master: COMMIT
[0m16:23:42.756143 [debug] [MainThread]: Using postgres connection "master"
[0m16:23:42.760029 [debug] [MainThread]: On master: COMMIT
[0m16:23:42.764165 [debug] [MainThread]: SQL status: COMMIT in 0.001 seconds
[0m16:23:42.767840 [debug] [MainThread]: On master: Close
[0m16:23:42.780346 [debug] [Thread-1 (]: Began running node model.dbt_project.test_connection
[0m16:23:42.783649 [info ] [Thread-1 (]: 1 of 1 START sql view model dev_schema.test_connection ......................... [RUN]
[0m16:23:42.787157 [debug] [Thread-1 (]: Re-using an available connection from the pool (formerly list_dbt_warehouse_dev_schema, now model.dbt_project.test_connection)
[0m16:23:42.790288 [debug] [Thread-1 (]: Began compiling node model.dbt_project.test_connection
[0m16:23:42.801338 [debug] [Thread-1 (]: Writing injected SQL for node "model.dbt_project.test_connection"
[0m16:23:42.865047 [debug] [Thread-1 (]: Began executing node model.dbt_project.test_connection
[0m16:23:42.916881 [debug] [Thread-1 (]: Writing runtime sql for node "model.dbt_project.test_connection"
[0m16:23:42.983789 [debug] [Thread-1 (]: Using postgres connection "model.dbt_project.test_connection"
[0m16:23:42.987203 [debug] [Thread-1 (]: On model.dbt_project.test_connection: BEGIN
[0m16:23:42.990974 [debug] [Thread-1 (]: Opening a new connection, currently in state closed
[0m16:23:43.010908 [debug] [Thread-1 (]: SQL status: BEGIN in 0.020 seconds
[0m16:23:43.014948 [debug] [Thread-1 (]: Using postgres connection "model.dbt_project.test_connection"
[0m16:23:43.018431 [debug] [Thread-1 (]: On model.dbt_project.test_connection: /* {"app": "dbt", "dbt_version": "1.9.1", "profile_name": "dbt_production_profile", "target_name": "dev", "node_id": "model.dbt_project.test_connection"} */

  create view "dbt_warehouse"."dev_schema"."test_connection__dbt_tmp"
    
    
  as (
    SELECT 1 AS connection_test
  );
[0m16:23:43.076588 [debug] [Thread-1 (]: SQL status: CREATE VIEW in 0.055 seconds
[0m16:23:43.088056 [debug] [Thread-1 (]: Using postgres connection "model.dbt_project.test_connection"
[0m16:23:43.091507 [debug] [Thread-1 (]: On model.dbt_project.test_connection: /* {"app": "dbt", "dbt_version": "1.9.1", "profile_name": "dbt_production_profile", "target_name": "dev", "node_id": "model.dbt_project.test_connection"} */
alter table "dbt_warehouse"."dev_schema"."test_connection__dbt_tmp" rename to "test_connection"
[0m16:23:43.097368 [debug] [Thread-1 (]: SQL status: ALTER TABLE in 0.003 seconds
[0m16:23:43.122185 [debug] [Thread-1 (]: On model.dbt_project.test_connection: COMMIT
[0m16:23:43.127023 [debug] [Thread-1 (]: Using postgres connection "model.dbt_project.test_connection"
[0m16:23:43.130860 [debug] [Thread-1 (]: On model.dbt_project.test_connection: COMMIT
[0m16:23:43.139711 [debug] [Thread-1 (]: SQL status: COMMIT in 0.005 seconds
[0m16:23:43.152049 [debug] [Thread-1 (]: Applying DROP to: "dbt_warehouse"."dev_schema"."test_connection__dbt_backup"
[0m16:23:43.165160 [debug] [Thread-1 (]: Using postgres connection "model.dbt_project.test_connection"
[0m16:23:43.169043 [debug] [Thread-1 (]: On model.dbt_project.test_connection: /* {"app": "dbt", "dbt_version": "1.9.1", "profile_name": "dbt_production_profile", "target_name": "dev", "node_id": "model.dbt_project.test_connection"} */
drop view if exists "dbt_warehouse"."dev_schema"."test_connection__dbt_backup" cascade
[0m16:23:43.176360 [debug] [Thread-1 (]: SQL status: DROP VIEW in 0.004 seconds
[0m16:23:43.183428 [debug] [Thread-1 (]: On model.dbt_project.test_connection: Close
[0m16:23:43.192460 [debug] [Thread-1 (]: Sending event: {'category': 'dbt', 'action': 'run_model', 'label': 'a9622ba0-f2b5-43d8-8722-4f5d3e722440', 'context': [<snowplow_tracker.self_describing_json.SelfDescribingJson object at 0x7f3c623f5f90>]}
[0m16:23:43.196622 [info ] [Thread-1 (]: 1 of 1 OK created sql view model dev_schema.test_connection .................... [[32mCREATE VIEW[0m in 0.40s]
[0m16:23:43.200110 [debug] [Thread-1 (]: Finished running node model.dbt_project.test_connection
[0m16:23:43.206998 [debug] [MainThread]: Using postgres connection "master"
[0m16:23:43.210423 [debug] [MainThread]: On master: BEGIN
[0m16:23:43.214248 [debug] [MainThread]: Opening a new connection, currently in state closed
[0m16:23:43.235378 [debug] [MainThread]: SQL status: BEGIN in 0.021 seconds
[0m16:23:43.238872 [debug] [MainThread]: On master: COMMIT
[0m16:23:43.241580 [debug] [MainThread]: Using postgres connection "master"
[0m16:23:43.244501 [debug] [MainThread]: On master: COMMIT
[0m16:23:43.248084 [debug] [MainThread]: SQL status: COMMIT in 0.001 seconds
[0m16:23:43.251010 [debug] [MainThread]: On master: Close
[0m16:23:43.254756 [debug] [MainThread]: Connection 'master' was properly closed.
[0m16:23:43.258227 [debug] [MainThread]: Connection 'create_dbt_warehouse_dev_schema' was properly closed.
[0m16:23:43.261185 [debug] [MainThread]: Connection 'model.dbt_project.test_connection' was properly closed.
[0m16:23:43.264376 [info ] [MainThread]: 
[0m16:23:43.267401 [info ] [MainThread]: Finished running 1 view model in 0 hours 0 minutes and 1.07 seconds (1.07s).
[0m16:23:43.273193 [debug] [MainThread]: Command end result
[0m16:23:43.375886 [debug] [MainThread]: Wrote artifact WritableManifest to /usr/app/target/manifest.json
[0m16:23:43.412212 [debug] [MainThread]: Wrote artifact SemanticManifest to /usr/app/target/semantic_manifest.json
[0m16:23:43.443396 [debug] [MainThread]: Wrote artifact RunExecutionResult to /usr/app/target/run_results.json
[0m16:23:43.447396 [info ] [MainThread]: 
[0m16:23:43.451562 [info ] [MainThread]: [32mCompleted successfully[0m
[0m16:23:43.456211 [info ] [MainThread]: 
[0m16:23:43.460976 [info ] [MainThread]: Done. PASS=1 WARN=0 ERROR=0 SKIP=0 TOTAL=1
[0m16:23:43.469252 [debug] [MainThread]: Resource report: {"command_name": "run", "command_success": true, "command_wall_clock_time": 4.156497, "process_in_blocks": "105280", "process_kernel_time": 1.527615, "process_mem_max_rss": "122712", "process_out_blocks": "2240", "process_user_time": 3.760899}
[0m16:23:43.473332 [debug] [MainThread]: Command `dbt run` succeeded at 16:23:43.473069 after 4.16 seconds
[0m16:23:43.477142 [debug] [MainThread]: Sending event: {'category': 'dbt', 'action': 'invocation', 'label': 'end', 'context': [<snowplow_tracker.self_describing_json.SelfDescribingJson object at 0x7f3c6307a810>, <snowplow_tracker.self_describing_json.SelfDescribingJson object at 0x7f3c66a00510>, <snowplow_tracker.self_describing_json.SelfDescribingJson object at 0x7f3c66a014d0>]}
[0m16:23:43.480915 [debug] [MainThread]: Flushing usage events
[0m16:23:44.167199 [debug] [MainThread]: An error was encountered while trying to flush usage events
[0m13:45:42.990950 [debug] [MainThread]: Sending event: {'category': 'dbt', 'action': 'invocation', 'label': 'start', 'context': [<snowplow_tracker.self_describing_json.SelfDescribingJson object at 0x738e72b3e710>, <snowplow_tracker.self_describing_json.SelfDescribingJson object at 0x738e72b3d650>, <snowplow_tracker.self_describing_json.SelfDescribingJson object at 0x738e72b3e590>]}


============================== 13:45:43.001517 | 848f249d-01a3-474e-a3bc-af4881d776e4 ==============================
[0m13:45:43.001517 [info ] [MainThread]: Running with dbt=1.9.1
[0m13:45:43.003130 [debug] [MainThread]: running dbt with arguments {'printer_width': '80', 'indirect_selection': 'eager', 'log_cache_events': 'False', 'write_json': 'True', 'partial_parse': 'True', 'cache_selected_only': 'False', 'profiles_dir': '/root/.dbt', 'version_check': 'True', 'debug': 'False', 'log_path': 'logs', 'warn_error': 'None', 'fail_fast': 'False', 'use_colors': 'True', 'use_experimental_parser': 'False', 'no_print': 'None', 'quiet': 'False', 'empty': 'False', 'log_format': 'default', 'static_parser': 'True', 'introspect': 'True', 'invocation_command': 'dbt compile --project-dir dbt_project', 'target_path': 'None', 'warn_error_options': 'WarnErrorOptions(include=[], exclude=[])', 'send_anonymous_usage_stats': 'True'}
[0m13:45:43.005372 [error] [MainThread]: Encountered an error:
Runtime Error
  No dbt_project.yml found at expected path dbt_project/dbt_project.yml
  Verify that each entry within packages.yml (and their transitive dependencies) contains a file named dbt_project.yml
  
[0m13:45:43.008620 [debug] [MainThread]: Resource report: {"command_name": "compile", "command_success": false, "command_wall_clock_time": 0.11281803, "process_in_blocks": "78152", "process_kernel_time": 0.555243, "process_mem_max_rss": "97748", "process_out_blocks": "1656", "process_user_time": 1.250296}
[0m13:45:43.010907 [debug] [MainThread]: Command `dbt compile` failed at 13:45:43.010609 after 0.12 seconds
[0m13:45:43.012504 [debug] [MainThread]: Sending event: {'category': 'dbt', 'action': 'invocation', 'label': 'end', 'context': [<snowplow_tracker.self_describing_json.SelfDescribingJson object at 0x738e72b3e590>, <snowplow_tracker.self_describing_json.SelfDescribingJson object at 0x738e72b3d310>, <snowplow_tracker.self_describing_json.SelfDescribingJson object at 0x738e72b2fd90>]}
[0m13:45:43.013783 [debug] [MainThread]: Flushing usage events
[0m13:45:43.577622 [debug] [MainThread]: An error was encountered while trying to flush usage events
[0m13:48:04.457925 [debug] [MainThread]: Sending event: {'category': 'dbt', 'action': 'invocation', 'label': 'start', 'context': [<snowplow_tracker.self_describing_json.SelfDescribingJson object at 0x73a2ee9fbb90>, <snowplow_tracker.self_describing_json.SelfDescribingJson object at 0x73a2ee9f9310>, <snowplow_tracker.self_describing_json.SelfDescribingJson object at 0x73a2ee9fb5d0>]}


============================== 13:48:04.465222 | 25608a8b-7df5-46f7-bd4f-bbbafe4a9707 ==============================
[0m13:48:04.465222 [info ] [MainThread]: Running with dbt=1.9.1
[0m13:48:04.467901 [debug] [MainThread]: running dbt with arguments {'printer_width': '80', 'indirect_selection': 'eager', 'write_json': 'True', 'log_cache_events': 'False', 'partial_parse': 'True', 'cache_selected_only': 'False', 'warn_error': 'None', 'fail_fast': 'False', 'profiles_dir': '/root/.dbt', 'log_path': 'logs', 'debug': 'False', 'version_check': 'True', 'use_colors': 'True', 'use_experimental_parser': 'False', 'no_print': 'None', 'quiet': 'False', 'empty': 'False', 'log_format': 'default', 'introspect': 'True', 'invocation_command': 'dbt compile --project-dir /usr/app/dbt_project', 'static_parser': 'True', 'target_path': 'None', 'warn_error_options': 'WarnErrorOptions(include=[], exclude=[])', 'send_anonymous_usage_stats': 'True'}
[0m13:48:04.471522 [error] [MainThread]: Encountered an error:
Runtime Error
  No dbt_project.yml found at expected path /usr/app/dbt_project/dbt_project.yml
  Verify that each entry within packages.yml (and their transitive dependencies) contains a file named dbt_project.yml
  
[0m13:48:04.482385 [debug] [MainThread]: Resource report: {"command_name": "compile", "command_success": false, "command_wall_clock_time": 0.10849505, "process_in_blocks": "77504", "process_kernel_time": 0.350121, "process_mem_max_rss": "97836", "process_out_blocks": "1656", "process_user_time": 1.015351}
[0m13:48:04.483690 [debug] [MainThread]: Command `dbt compile` failed at 13:48:04.483599 after 0.11 seconds
[0m13:48:04.485360 [debug] [MainThread]: Sending event: {'category': 'dbt', 'action': 'invocation', 'label': 'end', 'context': [<snowplow_tracker.self_describing_json.SelfDescribingJson object at 0x73a2ee873690>, <snowplow_tracker.self_describing_json.SelfDescribingJson object at 0x73a2ee8735d0>, <snowplow_tracker.self_describing_json.SelfDescribingJson object at 0x73a2f3039350>]}
[0m13:48:04.487403 [debug] [MainThread]: Flushing usage events
[0m13:48:05.115206 [debug] [MainThread]: An error was encountered while trying to flush usage events
[0m13:48:19.220666 [debug] [MainThread]: Sending event: {'category': 'dbt', 'action': 'invocation', 'label': 'start', 'context': [<snowplow_tracker.self_describing_json.SelfDescribingJson object at 0x7e3198dac350>, <snowplow_tracker.self_describing_json.SelfDescribingJson object at 0x7e3198c01a90>, <snowplow_tracker.self_describing_json.SelfDescribingJson object at 0x7e3198dadc90>]}


============================== 13:48:19.228112 | 0bb19c00-cb0a-4182-be6f-c5129ce33e49 ==============================
[0m13:48:19.228112 [info ] [MainThread]: Running with dbt=1.9.1
[0m13:48:19.230048 [debug] [MainThread]: running dbt with arguments {'printer_width': '80', 'indirect_selection': 'eager', 'write_json': 'True', 'log_cache_events': 'False', 'partial_parse': 'True', 'cache_selected_only': 'False', 'profiles_dir': '/root/.dbt', 'fail_fast': 'False', 'warn_error': 'None', 'log_path': '/usr/app/logs', 'version_check': 'True', 'debug': 'False', 'use_colors': 'True', 'use_experimental_parser': 'False', 'no_print': 'None', 'quiet': 'False', 'empty': 'False', 'log_format': 'default', 'static_parser': 'True', 'warn_error_options': 'WarnErrorOptions(include=[], exclude=[])', 'introspect': 'True', 'target_path': 'None', 'invocation_command': 'dbt compile', 'send_anonymous_usage_stats': 'True'}
[0m13:48:19.424405 [debug] [MainThread]: Sending event: {'category': 'dbt', 'action': 'project_id', 'label': '0bb19c00-cb0a-4182-be6f-c5129ce33e49', 'context': [<snowplow_tracker.self_describing_json.SelfDescribingJson object at 0x7e3198cddfd0>]}
[0m13:48:19.468109 [debug] [MainThread]: Sending event: {'category': 'dbt', 'action': 'adapter_info', 'label': '0bb19c00-cb0a-4182-be6f-c5129ce33e49', 'context': [<snowplow_tracker.self_describing_json.SelfDescribingJson object at 0x7e319b992290>]}
[0m13:48:19.470624 [info ] [MainThread]: Registered adapter: postgres=1.9.1
[0m13:48:19.533677 [debug] [MainThread]: checksum: 5e8d1596cf4eae33c11286bbb248a722d21b9f00d8a7ced8137c642517055418, vars: {}, profile: , target: , version: 1.9.1
[0m13:48:19.869461 [debug] [MainThread]: Partial parsing enabled: 0 files deleted, 1 files added, 0 files changed.
[0m13:48:19.871377 [debug] [MainThread]: Partial parsing: added file: dbt_project://models/test_model.sql
[0m13:48:20.043014 [warn ] [MainThread]: [[33mWARNING[0m]: Configuration paths exist in your dbt_project.yml file which do not apply to any resources.
There are 3 unused configuration paths:
- models.dbt_project.staging
- models.dbt_project.intermediate
- models.dbt_project.marts
[0m13:48:20.047295 [debug] [MainThread]: Sending event: {'category': 'dbt', 'action': 'load_project', 'label': '0bb19c00-cb0a-4182-be6f-c5129ce33e49', 'context': [<snowplow_tracker.self_describing_json.SelfDescribingJson object at 0x7e3198cdd650>]}
[0m13:48:20.116206 [debug] [MainThread]: Wrote artifact WritableManifest to /usr/app/target/manifest.json
[0m13:48:20.159855 [debug] [MainThread]: Wrote artifact SemanticManifest to /usr/app/target/semantic_manifest.json
[0m13:48:20.213783 [debug] [MainThread]: Sending event: {'category': 'dbt', 'action': 'resource_counts', 'label': '0bb19c00-cb0a-4182-be6f-c5129ce33e49', 'context': [<snowplow_tracker.self_describing_json.SelfDescribingJson object at 0x7e3194949750>]}
[0m13:48:20.215463 [info ] [MainThread]: Found 2 models, 434 macros
[0m13:48:20.217143 [debug] [MainThread]: Sending event: {'category': 'dbt', 'action': 'runnable_timing', 'label': '0bb19c00-cb0a-4182-be6f-c5129ce33e49', 'context': [<snowplow_tracker.self_describing_json.SelfDescribingJson object at 0x7e3196d4d590>]}
[0m13:48:20.221036 [info ] [MainThread]: 
[0m13:48:20.222732 [info ] [MainThread]: Concurrency: 4 threads (target='dev')
[0m13:48:20.224539 [info ] [MainThread]: 
[0m13:48:20.226399 [debug] [MainThread]: Acquiring new postgres connection 'master'
[0m13:48:20.232214 [debug] [ThreadPool]: Acquiring new postgres connection 'list_dbt_warehouse_dev_schema'
[0m13:48:20.295222 [debug] [ThreadPool]: Using postgres connection "list_dbt_warehouse_dev_schema"
[0m13:48:20.298380 [debug] [ThreadPool]: On list_dbt_warehouse_dev_schema: BEGIN
[0m13:48:20.299540 [debug] [ThreadPool]: Opening a new connection, currently in state init
[0m13:48:20.347452 [debug] [ThreadPool]: SQL status: BEGIN in 0.048 seconds
[0m13:48:20.349287 [debug] [ThreadPool]: Using postgres connection "list_dbt_warehouse_dev_schema"
[0m13:48:20.350491 [debug] [ThreadPool]: On list_dbt_warehouse_dev_schema: /* {"app": "dbt", "dbt_version": "1.9.1", "profile_name": "dbt_production_profile", "target_name": "dev", "connection_name": "list_dbt_warehouse_dev_schema"} */
select
      'dbt_warehouse' as database,
      tablename as name,
      schemaname as schema,
      'table' as type
    from pg_tables
    where schemaname ilike 'dev_schema'
    union all
    select
      'dbt_warehouse' as database,
      viewname as name,
      schemaname as schema,
      'view' as type
    from pg_views
    where schemaname ilike 'dev_schema'
    union all
    select
      'dbt_warehouse' as database,
      matviewname as name,
      schemaname as schema,
      'materialized_view' as type
    from pg_matviews
    where schemaname ilike 'dev_schema'
  
[0m13:48:20.384649 [debug] [ThreadPool]: SQL status: SELECT 1 in 0.033 seconds
[0m13:48:20.387899 [debug] [ThreadPool]: On list_dbt_warehouse_dev_schema: ROLLBACK
[0m13:48:20.390505 [debug] [ThreadPool]: On list_dbt_warehouse_dev_schema: Close
[0m13:48:20.395883 [debug] [MainThread]: Using postgres connection "master"
[0m13:48:20.397654 [debug] [MainThread]: On master: BEGIN
[0m13:48:20.399289 [debug] [MainThread]: Opening a new connection, currently in state init
[0m13:48:20.408572 [debug] [MainThread]: SQL status: BEGIN in 0.009 seconds
[0m13:48:20.410401 [debug] [MainThread]: Using postgres connection "master"
[0m13:48:20.411796 [debug] [MainThread]: On master: /* {"app": "dbt", "dbt_version": "1.9.1", "profile_name": "dbt_production_profile", "target_name": "dev", "connection_name": "master"} */
select distinct
        dependent_namespace.nspname as dependent_schema,
        dependent_class.relname as dependent_name,
        referenced_namespace.nspname as referenced_schema,
        referenced_class.relname as referenced_name

    -- Query for views: views are entries in pg_class with an entry in pg_rewrite, but we avoid
    -- a seq scan on pg_rewrite by leveraging the fact there is an "internal" row in pg_depend for
    -- the view...
    from pg_class as dependent_class
    join pg_namespace as dependent_namespace on dependent_namespace.oid = dependent_class.relnamespace
    join pg_depend as dependent_depend on dependent_depend.refobjid = dependent_class.oid
        and dependent_depend.classid = 'pg_rewrite'::regclass
        and dependent_depend.refclassid = 'pg_class'::regclass
        and dependent_depend.deptype = 'i'

    -- ... and via pg_depend (that has a row per column, hence the need for "distinct" above, and
    -- making sure to exclude the internal row to avoid a view appearing to depend on itself)...
    join pg_depend as joining_depend on joining_depend.objid = dependent_depend.objid
        and joining_depend.classid = 'pg_rewrite'::regclass
        and joining_depend.refclassid = 'pg_class'::regclass
        and joining_depend.refobjid != dependent_depend.refobjid

    -- ... we can find the tables they query from in pg_class, but excluding system tables. Note we
    -- don't need need to exclude _dependent_ system tables, because they only query from other
    -- system tables, and so are automatically excluded by excluding _referenced_ system tables
    join pg_class as referenced_class on referenced_class.oid = joining_depend.refobjid
    join pg_namespace as referenced_namespace on referenced_namespace.oid = referenced_class.relnamespace
        and referenced_namespace.nspname != 'information_schema'
        and referenced_namespace.nspname not like 'pg\_%'

    order by
        dependent_schema, dependent_name, referenced_schema, referenced_name;
[0m13:48:20.423785 [debug] [MainThread]: SQL status: SELECT 0 in 0.010 seconds
[0m13:48:20.426692 [debug] [MainThread]: Sending event: {'category': 'dbt', 'action': 'runnable_timing', 'label': '0bb19c00-cb0a-4182-be6f-c5129ce33e49', 'context': [<snowplow_tracker.self_describing_json.SelfDescribingJson object at 0x7e3197535110>]}
[0m13:48:20.427939 [debug] [MainThread]: On master: ROLLBACK
[0m13:48:20.429095 [debug] [MainThread]: On master: Close
[0m13:48:20.437826 [debug] [Thread-1 (]: Began running node model.dbt_project.test_connection
[0m13:48:20.438271 [debug] [Thread-2 (]: Began running node model.dbt_project.test_model
[0m13:48:20.440195 [debug] [Thread-1 (]: Re-using an available connection from the pool (formerly list_dbt_warehouse_dev_schema, now model.dbt_project.test_connection)
[0m13:48:20.442873 [debug] [Thread-2 (]: Acquiring new postgres connection 'model.dbt_project.test_model'
[0m13:48:20.444253 [debug] [Thread-1 (]: Began compiling node model.dbt_project.test_connection
[0m13:48:20.445697 [debug] [Thread-2 (]: Began compiling node model.dbt_project.test_model
[0m13:48:20.450901 [debug] [Thread-1 (]: Writing injected SQL for node "model.dbt_project.test_connection"
[0m13:48:20.453858 [debug] [Thread-2 (]: Writing injected SQL for node "model.dbt_project.test_model"
[0m13:48:20.464738 [debug] [Thread-2 (]: Began executing node model.dbt_project.test_model
[0m13:48:20.466815 [debug] [Thread-2 (]: Finished running node model.dbt_project.test_model
[0m13:48:20.475219 [debug] [Thread-1 (]: Began executing node model.dbt_project.test_connection
[0m13:48:20.476940 [debug] [Thread-1 (]: Finished running node model.dbt_project.test_connection
[0m13:48:20.479576 [debug] [MainThread]: Connection 'master' was properly closed.
[0m13:48:20.480970 [debug] [MainThread]: Connection 'model.dbt_project.test_connection' was properly closed.
[0m13:48:20.482340 [debug] [MainThread]: Connection 'model.dbt_project.test_model' was properly closed.
[0m13:48:20.483695 [debug] [MainThread]: Command end result
[0m13:48:20.523847 [debug] [MainThread]: Wrote artifact WritableManifest to /usr/app/target/manifest.json
[0m13:48:20.540364 [debug] [MainThread]: Wrote artifact SemanticManifest to /usr/app/target/semantic_manifest.json
[0m13:48:20.557333 [debug] [MainThread]: Wrote artifact RunExecutionResult to /usr/app/target/run_results.json
[0m13:48:20.559627 [debug] [MainThread]: Resource report: {"command_name": "compile", "command_success": true, "command_wall_clock_time": 1.4120903, "process_in_blocks": "29928", "process_kernel_time": 0.399538, "process_mem_max_rss": "126700", "process_out_blocks": "2240", "process_user_time": 1.77395}
[0m13:48:20.561128 [debug] [MainThread]: Command `dbt compile` succeeded at 13:48:20.560991 after 1.41 seconds
[0m13:48:20.562296 [debug] [MainThread]: Sending event: {'category': 'dbt', 'action': 'invocation', 'label': 'end', 'context': [<snowplow_tracker.self_describing_json.SelfDescribingJson object at 0x7e3198c0fd90>, <snowplow_tracker.self_describing_json.SelfDescribingJson object at 0x7e3198da36d0>, <snowplow_tracker.self_describing_json.SelfDescribingJson object at 0x7e3198da0b10>]}
[0m13:48:20.563799 [debug] [MainThread]: Flushing usage events
[0m13:48:21.017670 [debug] [MainThread]: An error was encountered while trying to flush usage events
[0m09:40:44.384553 [debug] [MainThread]: Sending event: {'category': 'dbt', 'action': 'invocation', 'label': 'start', 'context': [<snowplow_tracker.self_describing_json.SelfDescribingJson object at 0x79d773e5b150>, <snowplow_tracker.self_describing_json.SelfDescribingJson object at 0x79d774057dd0>, <snowplow_tracker.self_describing_json.SelfDescribingJson object at 0x79d773e1b2d0>]}


============================== 09:40:44.399893 | 60d92130-dc23-4df3-830d-efdef77f73d9 ==============================
[0m09:40:44.399893 [info ] [MainThread]: Running with dbt=1.9.1
[0m09:40:44.402466 [debug] [MainThread]: running dbt with arguments {'printer_width': '80', 'indirect_selection': 'eager', 'log_cache_events': 'False', 'write_json': 'True', 'partial_parse': 'True', 'cache_selected_only': 'False', 'warn_error': 'None', 'fail_fast': 'False', 'debug': 'False', 'log_path': 'logs', 'version_check': 'True', 'profiles_dir': '/root/.dbt', 'use_colors': 'True', 'use_experimental_parser': 'False', 'no_print': 'None', 'quiet': 'False', 'empty': 'False', 'log_format': 'default', 'invocation_command': 'dbt compile --project-dir dbt_project', 'introspect': 'True', 'static_parser': 'True', 'target_path': 'None', 'warn_error_options': 'WarnErrorOptions(include=[], exclude=[])', 'send_anonymous_usage_stats': 'True'}
[0m09:40:44.406325 [error] [MainThread]: Encountered an error:
Runtime Error
  No dbt_project.yml found at expected path dbt_project/dbt_project.yml
  Verify that each entry within packages.yml (and their transitive dependencies) contains a file named dbt_project.yml
  
[0m09:40:44.412323 [debug] [MainThread]: Resource report: {"command_name": "compile", "command_success": false, "command_wall_clock_time": 0.13583487, "process_in_blocks": "78160", "process_kernel_time": 0.731248, "process_mem_max_rss": "97872", "process_out_blocks": "1656", "process_user_time": 1.358603}
[0m09:40:44.414781 [debug] [MainThread]: Command `dbt compile` failed at 09:40:44.414506 after 0.14 seconds
[0m09:40:44.416579 [debug] [MainThread]: Sending event: {'category': 'dbt', 'action': 'invocation', 'label': 'end', 'context': [<snowplow_tracker.self_describing_json.SelfDescribingJson object at 0x79d773e09290>, <snowplow_tracker.self_describing_json.SelfDescribingJson object at 0x79d77415b8d0>, <snowplow_tracker.self_describing_json.SelfDescribingJson object at 0x79d773dfbcd0>]}
[0m09:40:44.418409 [debug] [MainThread]: Flushing usage events
[0m09:40:44.979238 [debug] [MainThread]: An error was encountered while trying to flush usage events
[0m09:46:13.983989 [debug] [MainThread]: Sending event: {'category': 'dbt', 'action': 'invocation', 'label': 'start', 'context': [<snowplow_tracker.self_describing_json.SelfDescribingJson object at 0x7e58c9097c50>, <snowplow_tracker.self_describing_json.SelfDescribingJson object at 0x7e58c9097d50>, <snowplow_tracker.self_describing_json.SelfDescribingJson object at 0x7e58c9094b50>]}


============================== 09:46:13.997851 | 4a7bb3eb-1de9-4da5-be9b-3b15bc877638 ==============================
[0m09:46:13.997851 [info ] [MainThread]: Running with dbt=1.9.1
[0m09:46:14.002624 [debug] [MainThread]: running dbt with arguments {'printer_width': '80', 'indirect_selection': 'eager', 'log_cache_events': 'False', 'write_json': 'True', 'partial_parse': 'True', 'cache_selected_only': 'False', 'warn_error': 'None', 'debug': 'False', 'fail_fast': 'False', 'log_path': 'logs', 'profiles_dir': '/root/.dbt', 'version_check': 'True', 'use_colors': 'True', 'use_experimental_parser': 'False', 'no_print': 'None', 'quiet': 'False', 'empty': 'False', 'log_format': 'default', 'introspect': 'True', 'warn_error_options': 'WarnErrorOptions(include=[], exclude=[])', 'invocation_command': 'dbt compile --project-dir dbt_project', 'target_path': 'None', 'static_parser': 'True', 'send_anonymous_usage_stats': 'True'}
[0m09:46:14.008759 [error] [MainThread]: Encountered an error:
Runtime Error
  No dbt_project.yml found at expected path dbt_project/dbt_project.yml
  Verify that each entry within packages.yml (and their transitive dependencies) contains a file named dbt_project.yml
  
[0m09:46:14.015069 [debug] [MainThread]: Resource report: {"command_name": "compile", "command_success": false, "command_wall_clock_time": 0.13654153, "process_in_blocks": "77264", "process_kernel_time": 1.014752, "process_mem_max_rss": "98040", "process_out_blocks": "1656", "process_user_time": 2.029504}
[0m09:46:14.017732 [debug] [MainThread]: Command `dbt compile` failed at 09:46:14.017428 after 0.14 seconds
[0m09:46:14.020123 [debug] [MainThread]: Sending event: {'category': 'dbt', 'action': 'invocation', 'label': 'end', 'context': [<snowplow_tracker.self_describing_json.SelfDescribingJson object at 0x7e58c8f0fc10>, <snowplow_tracker.self_describing_json.SelfDescribingJson object at 0x7e58c8f0e650>, <snowplow_tracker.self_describing_json.SelfDescribingJson object at 0x7e58cd6d4fd0>]}
[0m09:46:14.023102 [debug] [MainThread]: Flushing usage events
[0m09:46:14.592987 [debug] [MainThread]: An error was encountered while trying to flush usage events
[0m09:46:30.175708 [debug] [MainThread]: Sending event: {'category': 'dbt', 'action': 'invocation', 'label': 'start', 'context': [<snowplow_tracker.self_describing_json.SelfDescribingJson object at 0x766f01035750>, <snowplow_tracker.self_describing_json.SelfDescribingJson object at 0x766f01035f10>, <snowplow_tracker.self_describing_json.SelfDescribingJson object at 0x766f01035c50>]}


============================== 09:46:30.187394 | 9fa213ed-1839-4306-84cb-6f689a6eb949 ==============================
[0m09:46:30.187394 [info ] [MainThread]: Running with dbt=1.9.1
[0m09:46:30.190213 [debug] [MainThread]: running dbt with arguments {'printer_width': '80', 'indirect_selection': 'eager', 'log_cache_events': 'False', 'write_json': 'True', 'partial_parse': 'True', 'cache_selected_only': 'False', 'warn_error': 'None', 'fail_fast': 'False', 'debug': 'False', 'log_path': '/usr/app/logs', 'version_check': 'True', 'profiles_dir': '/root/.dbt', 'use_colors': 'True', 'use_experimental_parser': 'False', 'no_print': 'None', 'quiet': 'False', 'empty': 'False', 'warn_error_options': 'WarnErrorOptions(include=[], exclude=[])', 'introspect': 'True', 'static_parser': 'True', 'log_format': 'default', 'target_path': 'None', 'invocation_command': 'dbt compile', 'send_anonymous_usage_stats': 'True'}
[0m09:46:30.443413 [debug] [MainThread]: Sending event: {'category': 'dbt', 'action': 'project_id', 'label': '9fa213ed-1839-4306-84cb-6f689a6eb949', 'context': [<snowplow_tracker.self_describing_json.SelfDescribingJson object at 0x766f003481d0>]}
[0m09:46:30.500980 [debug] [MainThread]: Sending event: {'category': 'dbt', 'action': 'adapter_info', 'label': '9fa213ed-1839-4306-84cb-6f689a6eb949', 'context': [<snowplow_tracker.self_describing_json.SelfDescribingJson object at 0x766f03c46750>]}
[0m09:46:30.504412 [info ] [MainThread]: Registered adapter: postgres=1.9.1
[0m09:46:30.582194 [debug] [MainThread]: checksum: 5e8d1596cf4eae33c11286bbb248a722d21b9f00d8a7ced8137c642517055418, vars: {}, profile: , target: , version: 1.9.1
[0m09:46:31.079815 [debug] [MainThread]: Partial parsing enabled: 0 files deleted, 1 files added, 0 files changed.
[0m09:46:31.082657 [debug] [MainThread]: Partial parsing: added file: dbt_project://models/test_macro.sql
[0m09:46:31.290789 [warn ] [MainThread]: [[33mWARNING[0m]: Configuration paths exist in your dbt_project.yml file which do not apply to any resources.
There are 3 unused configuration paths:
- models.dbt_project.marts
- models.dbt_project.intermediate
- models.dbt_project.staging
[0m09:46:31.296933 [debug] [MainThread]: Sending event: {'category': 'dbt', 'action': 'load_project', 'label': '9fa213ed-1839-4306-84cb-6f689a6eb949', 'context': [<snowplow_tracker.self_describing_json.SelfDescribingJson object at 0x766effb03010>]}
[0m09:46:31.387538 [debug] [MainThread]: Wrote artifact WritableManifest to /usr/app/target/manifest.json
[0m09:46:31.446572 [debug] [MainThread]: Wrote artifact SemanticManifest to /usr/app/target/semantic_manifest.json
[0m09:46:31.511786 [debug] [MainThread]: Sending event: {'category': 'dbt', 'action': 'resource_counts', 'label': '9fa213ed-1839-4306-84cb-6f689a6eb949', 'context': [<snowplow_tracker.self_describing_json.SelfDescribingJson object at 0x766efefa4350>]}
[0m09:46:31.514030 [info ] [MainThread]: Found 3 models, 434 macros
[0m09:46:31.515519 [debug] [MainThread]: Sending event: {'category': 'dbt', 'action': 'runnable_timing', 'label': '9fa213ed-1839-4306-84cb-6f689a6eb949', 'context': [<snowplow_tracker.self_describing_json.SelfDescribingJson object at 0x766efef7b690>]}
[0m09:46:31.519220 [info ] [MainThread]: 
[0m09:46:31.520598 [info ] [MainThread]: Concurrency: 4 threads (target='dev')
[0m09:46:31.522132 [info ] [MainThread]: 
[0m09:46:31.523785 [debug] [MainThread]: Acquiring new postgres connection 'master'
[0m09:46:31.530014 [debug] [ThreadPool]: Acquiring new postgres connection 'list_dbt_warehouse_dev_schema'
[0m09:46:31.591531 [debug] [ThreadPool]: Using postgres connection "list_dbt_warehouse_dev_schema"
[0m09:46:31.594788 [debug] [ThreadPool]: On list_dbt_warehouse_dev_schema: BEGIN
[0m09:46:31.596199 [debug] [ThreadPool]: Opening a new connection, currently in state init
[0m09:46:31.650305 [debug] [ThreadPool]: SQL status: BEGIN in 0.054 seconds
[0m09:46:31.652381 [debug] [ThreadPool]: Using postgres connection "list_dbt_warehouse_dev_schema"
[0m09:46:31.654011 [debug] [ThreadPool]: On list_dbt_warehouse_dev_schema: /* {"app": "dbt", "dbt_version": "1.9.1", "profile_name": "dbt_production_profile", "target_name": "dev", "connection_name": "list_dbt_warehouse_dev_schema"} */
select
      'dbt_warehouse' as database,
      tablename as name,
      schemaname as schema,
      'table' as type
    from pg_tables
    where schemaname ilike 'dev_schema'
    union all
    select
      'dbt_warehouse' as database,
      viewname as name,
      schemaname as schema,
      'view' as type
    from pg_views
    where schemaname ilike 'dev_schema'
    union all
    select
      'dbt_warehouse' as database,
      matviewname as name,
      schemaname as schema,
      'materialized_view' as type
    from pg_matviews
    where schemaname ilike 'dev_schema'
  
[0m09:46:31.700525 [debug] [ThreadPool]: SQL status: SELECT 1 in 0.045 seconds
[0m09:46:31.704155 [debug] [ThreadPool]: On list_dbt_warehouse_dev_schema: ROLLBACK
[0m09:46:31.706977 [debug] [ThreadPool]: On list_dbt_warehouse_dev_schema: Close
[0m09:46:31.714316 [debug] [MainThread]: Using postgres connection "master"
[0m09:46:31.715912 [debug] [MainThread]: On master: BEGIN
[0m09:46:31.717041 [debug] [MainThread]: Opening a new connection, currently in state init
[0m09:46:31.726539 [debug] [MainThread]: SQL status: BEGIN in 0.009 seconds
[0m09:46:31.728377 [debug] [MainThread]: Using postgres connection "master"
[0m09:46:31.729550 [debug] [MainThread]: On master: /* {"app": "dbt", "dbt_version": "1.9.1", "profile_name": "dbt_production_profile", "target_name": "dev", "connection_name": "master"} */
select distinct
        dependent_namespace.nspname as dependent_schema,
        dependent_class.relname as dependent_name,
        referenced_namespace.nspname as referenced_schema,
        referenced_class.relname as referenced_name

    -- Query for views: views are entries in pg_class with an entry in pg_rewrite, but we avoid
    -- a seq scan on pg_rewrite by leveraging the fact there is an "internal" row in pg_depend for
    -- the view...
    from pg_class as dependent_class
    join pg_namespace as dependent_namespace on dependent_namespace.oid = dependent_class.relnamespace
    join pg_depend as dependent_depend on dependent_depend.refobjid = dependent_class.oid
        and dependent_depend.classid = 'pg_rewrite'::regclass
        and dependent_depend.refclassid = 'pg_class'::regclass
        and dependent_depend.deptype = 'i'

    -- ... and via pg_depend (that has a row per column, hence the need for "distinct" above, and
    -- making sure to exclude the internal row to avoid a view appearing to depend on itself)...
    join pg_depend as joining_depend on joining_depend.objid = dependent_depend.objid
        and joining_depend.classid = 'pg_rewrite'::regclass
        and joining_depend.refclassid = 'pg_class'::regclass
        and joining_depend.refobjid != dependent_depend.refobjid

    -- ... we can find the tables they query from in pg_class, but excluding system tables. Note we
    -- don't need need to exclude _dependent_ system tables, because they only query from other
    -- system tables, and so are automatically excluded by excluding _referenced_ system tables
    join pg_class as referenced_class on referenced_class.oid = joining_depend.refobjid
    join pg_namespace as referenced_namespace on referenced_namespace.oid = referenced_class.relnamespace
        and referenced_namespace.nspname != 'information_schema'
        and referenced_namespace.nspname not like 'pg\_%'

    order by
        dependent_schema, dependent_name, referenced_schema, referenced_name;
[0m09:46:31.742703 [debug] [MainThread]: SQL status: SELECT 0 in 0.012 seconds
[0m09:46:31.745735 [debug] [MainThread]: Sending event: {'category': 'dbt', 'action': 'runnable_timing', 'label': '9fa213ed-1839-4306-84cb-6f689a6eb949', 'context': [<snowplow_tracker.self_describing_json.SelfDescribingJson object at 0x766effb3a210>]}
[0m09:46:31.747435 [debug] [MainThread]: On master: ROLLBACK
[0m09:46:31.748977 [debug] [MainThread]: On master: Close
[0m09:46:31.760058 [debug] [Thread-1 (]: Began running node model.dbt_project.test_connection
[0m09:46:31.760511 [debug] [Thread-2 (]: Began running node model.dbt_project.test_macro
[0m09:46:31.760831 [debug] [Thread-3 (]: Began running node model.dbt_project.test_model
[0m09:46:31.761936 [debug] [Thread-1 (]: Re-using an available connection from the pool (formerly list_dbt_warehouse_dev_schema, now model.dbt_project.test_connection)
[0m09:46:31.764009 [debug] [Thread-2 (]: Acquiring new postgres connection 'model.dbt_project.test_macro'
[0m09:46:31.765927 [debug] [Thread-3 (]: Acquiring new postgres connection 'model.dbt_project.test_model'
[0m09:46:31.767023 [debug] [Thread-1 (]: Began compiling node model.dbt_project.test_connection
[0m09:46:31.768353 [debug] [Thread-2 (]: Began compiling node model.dbt_project.test_macro
[0m09:46:31.770161 [debug] [Thread-3 (]: Began compiling node model.dbt_project.test_model
[0m09:46:31.777344 [debug] [Thread-1 (]: Writing injected SQL for node "model.dbt_project.test_connection"
[0m09:46:31.780417 [debug] [Thread-2 (]: Writing injected SQL for node "model.dbt_project.test_macro"
[0m09:46:31.782791 [debug] [Thread-3 (]: Writing injected SQL for node "model.dbt_project.test_model"
[0m09:46:31.785402 [debug] [Thread-2 (]: Began executing node model.dbt_project.test_macro
[0m09:46:31.788423 [debug] [Thread-2 (]: Finished running node model.dbt_project.test_macro
[0m09:46:31.801117 [debug] [Thread-3 (]: Began executing node model.dbt_project.test_model
[0m09:46:31.801668 [debug] [Thread-1 (]: Began executing node model.dbt_project.test_connection
[0m09:46:31.802803 [debug] [Thread-3 (]: Finished running node model.dbt_project.test_model
[0m09:46:31.804491 [debug] [Thread-1 (]: Finished running node model.dbt_project.test_connection
[0m09:46:31.808151 [debug] [MainThread]: Connection 'master' was properly closed.
[0m09:46:31.809481 [debug] [MainThread]: Connection 'model.dbt_project.test_connection' was properly closed.
[0m09:46:31.810581 [debug] [MainThread]: Connection 'model.dbt_project.test_macro' was properly closed.
[0m09:46:31.811606 [debug] [MainThread]: Connection 'model.dbt_project.test_model' was properly closed.
[0m09:46:31.813081 [debug] [MainThread]: Command end result
[0m09:46:31.908085 [debug] [MainThread]: Wrote artifact WritableManifest to /usr/app/target/manifest.json
[0m09:46:31.923586 [debug] [MainThread]: Wrote artifact SemanticManifest to /usr/app/target/semantic_manifest.json
[0m09:46:31.946716 [debug] [MainThread]: Wrote artifact RunExecutionResult to /usr/app/target/run_results.json
[0m09:46:31.949070 [debug] [MainThread]: Resource report: {"command_name": "compile", "command_success": true, "command_wall_clock_time": 1.8670039, "process_in_blocks": "29560", "process_kernel_time": 0.545672, "process_mem_max_rss": "124324", "process_out_blocks": "2240", "process_user_time": 2.238048}
[0m09:46:31.950821 [debug] [MainThread]: Command `dbt compile` succeeded at 09:46:31.950638 after 1.87 seconds
[0m09:46:31.952278 [debug] [MainThread]: Sending event: {'category': 'dbt', 'action': 'invocation', 'label': 'end', 'context': [<snowplow_tracker.self_describing_json.SelfDescribingJson object at 0x766f0127be50>, <snowplow_tracker.self_describing_json.SelfDescribingJson object at 0x766f05670490>, <snowplow_tracker.self_describing_json.SelfDescribingJson object at 0x766f05671410>]}
[0m09:46:31.954054 [debug] [MainThread]: Flushing usage events
[0m09:46:32.357561 [debug] [MainThread]: An error was encountered while trying to flush usage events
[0m09:53:27.273368 [debug] [MainThread]: Sending event: {'category': 'dbt', 'action': 'invocation', 'label': 'start', 'context': [<snowplow_tracker.self_describing_json.SelfDescribingJson object at 0x76e8dea6ca90>, <snowplow_tracker.self_describing_json.SelfDescribingJson object at 0x76e8deb75dd0>, <snowplow_tracker.self_describing_json.SelfDescribingJson object at 0x76e8e0632ad0>]}


============================== 09:53:27.282483 | 41a0b194-5403-4ffe-bf52-146aa057a8c6 ==============================
[0m09:53:27.282483 [info ] [MainThread]: Running with dbt=1.9.1
[0m09:53:27.284730 [debug] [MainThread]: running dbt with arguments {'printer_width': '80', 'indirect_selection': 'eager', 'log_cache_events': 'False', 'write_json': 'True', 'partial_parse': 'True', 'cache_selected_only': 'False', 'profiles_dir': '/root/.dbt', 'debug': 'False', 'warn_error': 'None', 'log_path': 'logs', 'fail_fast': 'False', 'version_check': 'True', 'use_colors': 'True', 'use_experimental_parser': 'False', 'no_print': 'None', 'quiet': 'False', 'empty': 'None', 'warn_error_options': 'WarnErrorOptions(include=[], exclude=[])', 'introspect': 'True', 'invocation_command': 'dbt seed --project-dir dbt_project', 'static_parser': 'True', 'target_path': 'None', 'log_format': 'default', 'send_anonymous_usage_stats': 'True'}
[0m09:53:27.287438 [error] [MainThread]: Encountered an error:
Runtime Error
  No dbt_project.yml found at expected path dbt_project/dbt_project.yml
  Verify that each entry within packages.yml (and their transitive dependencies) contains a file named dbt_project.yml
  
[0m09:53:27.291385 [debug] [MainThread]: Resource report: {"command_name": "seed", "command_success": false, "command_wall_clock_time": 0.109581664, "process_in_blocks": "77264", "process_kernel_time": 0.720787, "process_mem_max_rss": "97320", "process_out_blocks": "1656", "process_user_time": 1.413229}
[0m09:53:27.293196 [debug] [MainThread]: Command `dbt seed` failed at 09:53:27.293064 after 0.11 seconds
[0m09:53:27.294250 [debug] [MainThread]: Sending event: {'category': 'dbt', 'action': 'invocation', 'label': 'end', 'context': [<snowplow_tracker.self_describing_json.SelfDescribingJson object at 0x76e8e17a1950>, <snowplow_tracker.self_describing_json.SelfDescribingJson object at 0x76e8deacad50>, <snowplow_tracker.self_describing_json.SelfDescribingJson object at 0x76e8deac9cd0>]}
[0m09:53:27.295351 [debug] [MainThread]: Flushing usage events
[0m09:53:27.793122 [debug] [MainThread]: An error was encountered while trying to flush usage events
[0m09:55:33.787688 [debug] [MainThread]: Sending event: {'category': 'dbt', 'action': 'invocation', 'label': 'start', 'context': [<snowplow_tracker.self_describing_json.SelfDescribingJson object at 0x7af79019c810>, <snowplow_tracker.self_describing_json.SelfDescribingJson object at 0x7af79019c650>, <snowplow_tracker.self_describing_json.SelfDescribingJson object at 0x7af79019e050>]}


============================== 09:55:33.798184 | 0542b966-b0e6-41d3-aecf-924b5ee0058f ==============================
[0m09:55:33.798184 [info ] [MainThread]: Running with dbt=1.9.1
[0m09:55:33.800976 [debug] [MainThread]: running dbt with arguments {'printer_width': '80', 'indirect_selection': 'eager', 'write_json': 'True', 'log_cache_events': 'False', 'partial_parse': 'True', 'cache_selected_only': 'False', 'profiles_dir': '/root/.dbt', 'fail_fast': 'False', 'version_check': 'True', 'log_path': '/usr/app/logs', 'debug': 'False', 'warn_error': 'None', 'use_colors': 'True', 'use_experimental_parser': 'False', 'no_print': 'None', 'quiet': 'False', 'empty': 'None', 'log_format': 'default', 'invocation_command': 'dbt seed', 'static_parser': 'True', 'warn_error_options': 'WarnErrorOptions(include=[], exclude=[])', 'target_path': 'None', 'introspect': 'True', 'send_anonymous_usage_stats': 'True'}
[0m09:55:33.987456 [debug] [MainThread]: Sending event: {'category': 'dbt', 'action': 'project_id', 'label': '0542b966-b0e6-41d3-aecf-924b5ee0058f', 'context': [<snowplow_tracker.self_describing_json.SelfDescribingJson object at 0x7af78fff6a50>]}
[0m09:55:34.034162 [debug] [MainThread]: Sending event: {'category': 'dbt', 'action': 'adapter_info', 'label': '0542b966-b0e6-41d3-aecf-924b5ee0058f', 'context': [<snowplow_tracker.self_describing_json.SelfDescribingJson object at 0x7af792da6350>]}
[0m09:55:34.038698 [info ] [MainThread]: Registered adapter: postgres=1.9.1
[0m09:55:34.105232 [debug] [MainThread]: checksum: 5e8d1596cf4eae33c11286bbb248a722d21b9f00d8a7ced8137c642517055418, vars: {}, profile: , target: , version: 1.9.1
[0m09:55:34.498267 [debug] [MainThread]: Partial parsing enabled: 1 files deleted, 1 files added, 0 files changed.
[0m09:55:34.500440 [debug] [MainThread]: Partial parsing: added file: dbt_project://seeds/countries.csv
[0m09:55:34.501946 [debug] [MainThread]: Partial parsing: deleted file: dbt_project://models/test_macro.sql
[0m09:55:34.711658 [warn ] [MainThread]: [[33mWARNING[0m]: Configuration paths exist in your dbt_project.yml file which do not apply to any resources.
There are 3 unused configuration paths:
- models.dbt_project.marts
- models.dbt_project.intermediate
- models.dbt_project.staging
[0m09:55:34.717267 [debug] [MainThread]: Sending event: {'category': 'dbt', 'action': 'load_project', 'label': '0542b966-b0e6-41d3-aecf-924b5ee0058f', 'context': [<snowplow_tracker.self_describing_json.SelfDescribingJson object at 0x7af78fff7cd0>]}
[0m09:55:34.794454 [debug] [MainThread]: Wrote artifact WritableManifest to /usr/app/target/manifest.json
[0m09:55:34.848335 [debug] [MainThread]: Wrote artifact SemanticManifest to /usr/app/target/semantic_manifest.json
[0m09:55:34.914146 [debug] [MainThread]: Sending event: {'category': 'dbt', 'action': 'resource_counts', 'label': '0542b966-b0e6-41d3-aecf-924b5ee0058f', 'context': [<snowplow_tracker.self_describing_json.SelfDescribingJson object at 0x7af78d9ca690>]}
[0m09:55:34.916053 [info ] [MainThread]: Found 2 models, 1 seed, 434 macros
[0m09:55:34.917912 [debug] [MainThread]: Sending event: {'category': 'dbt', 'action': 'runnable_timing', 'label': '0542b966-b0e6-41d3-aecf-924b5ee0058f', 'context': [<snowplow_tracker.self_describing_json.SelfDescribingJson object at 0x7af78e9f2610>]}
[0m09:55:34.920953 [info ] [MainThread]: 
[0m09:55:34.922859 [info ] [MainThread]: Concurrency: 4 threads (target='dev')
[0m09:55:34.924647 [info ] [MainThread]: 
[0m09:55:34.926522 [debug] [MainThread]: Acquiring new postgres connection 'master'
[0m09:55:34.929565 [debug] [ThreadPool]: Acquiring new postgres connection 'list_dbt_warehouse'
[0m09:55:34.977475 [debug] [ThreadPool]: Using postgres connection "list_dbt_warehouse"
[0m09:55:34.979617 [debug] [ThreadPool]: On list_dbt_warehouse: /* {"app": "dbt", "dbt_version": "1.9.1", "profile_name": "dbt_production_profile", "target_name": "dev", "connection_name": "list_dbt_warehouse"} */

    select distinct nspname from pg_namespace
  
[0m09:55:34.981241 [debug] [ThreadPool]: Opening a new connection, currently in state init
[0m09:55:35.033541 [debug] [ThreadPool]: SQL status: SELECT 5 in 0.052 seconds
[0m09:55:35.036589 [debug] [ThreadPool]: On list_dbt_warehouse: Close
[0m09:55:35.042411 [debug] [ThreadPool]: Re-using an available connection from the pool (formerly list_dbt_warehouse, now list_dbt_warehouse_dev_schema)
[0m09:55:35.048363 [debug] [ThreadPool]: Using postgres connection "list_dbt_warehouse_dev_schema"
[0m09:55:35.049560 [debug] [ThreadPool]: On list_dbt_warehouse_dev_schema: BEGIN
[0m09:55:35.050848 [debug] [ThreadPool]: Opening a new connection, currently in state closed
[0m09:55:35.062112 [debug] [ThreadPool]: SQL status: BEGIN in 0.011 seconds
[0m09:55:35.064122 [debug] [ThreadPool]: Using postgres connection "list_dbt_warehouse_dev_schema"
[0m09:55:35.065384 [debug] [ThreadPool]: On list_dbt_warehouse_dev_schema: /* {"app": "dbt", "dbt_version": "1.9.1", "profile_name": "dbt_production_profile", "target_name": "dev", "connection_name": "list_dbt_warehouse_dev_schema"} */
select
      'dbt_warehouse' as database,
      tablename as name,
      schemaname as schema,
      'table' as type
    from pg_tables
    where schemaname ilike 'dev_schema'
    union all
    select
      'dbt_warehouse' as database,
      viewname as name,
      schemaname as schema,
      'view' as type
    from pg_views
    where schemaname ilike 'dev_schema'
    union all
    select
      'dbt_warehouse' as database,
      matviewname as name,
      schemaname as schema,
      'materialized_view' as type
    from pg_matviews
    where schemaname ilike 'dev_schema'
  
[0m09:55:35.075161 [debug] [ThreadPool]: SQL status: SELECT 1 in 0.009 seconds
[0m09:55:35.077666 [debug] [ThreadPool]: On list_dbt_warehouse_dev_schema: ROLLBACK
[0m09:55:35.079031 [debug] [ThreadPool]: On list_dbt_warehouse_dev_schema: Close
[0m09:55:35.085569 [debug] [MainThread]: Using postgres connection "master"
[0m09:55:35.087636 [debug] [MainThread]: On master: BEGIN
[0m09:55:35.089277 [debug] [MainThread]: Opening a new connection, currently in state init
[0m09:55:35.101382 [debug] [MainThread]: SQL status: BEGIN in 0.012 seconds
[0m09:55:35.103689 [debug] [MainThread]: Using postgres connection "master"
[0m09:55:35.104941 [debug] [MainThread]: On master: /* {"app": "dbt", "dbt_version": "1.9.1", "profile_name": "dbt_production_profile", "target_name": "dev", "connection_name": "master"} */
select distinct
        dependent_namespace.nspname as dependent_schema,
        dependent_class.relname as dependent_name,
        referenced_namespace.nspname as referenced_schema,
        referenced_class.relname as referenced_name

    -- Query for views: views are entries in pg_class with an entry in pg_rewrite, but we avoid
    -- a seq scan on pg_rewrite by leveraging the fact there is an "internal" row in pg_depend for
    -- the view...
    from pg_class as dependent_class
    join pg_namespace as dependent_namespace on dependent_namespace.oid = dependent_class.relnamespace
    join pg_depend as dependent_depend on dependent_depend.refobjid = dependent_class.oid
        and dependent_depend.classid = 'pg_rewrite'::regclass
        and dependent_depend.refclassid = 'pg_class'::regclass
        and dependent_depend.deptype = 'i'

    -- ... and via pg_depend (that has a row per column, hence the need for "distinct" above, and
    -- making sure to exclude the internal row to avoid a view appearing to depend on itself)...
    join pg_depend as joining_depend on joining_depend.objid = dependent_depend.objid
        and joining_depend.classid = 'pg_rewrite'::regclass
        and joining_depend.refclassid = 'pg_class'::regclass
        and joining_depend.refobjid != dependent_depend.refobjid

    -- ... we can find the tables they query from in pg_class, but excluding system tables. Note we
    -- don't need need to exclude _dependent_ system tables, because they only query from other
    -- system tables, and so are automatically excluded by excluding _referenced_ system tables
    join pg_class as referenced_class on referenced_class.oid = joining_depend.refobjid
    join pg_namespace as referenced_namespace on referenced_namespace.oid = referenced_class.relnamespace
        and referenced_namespace.nspname != 'information_schema'
        and referenced_namespace.nspname not like 'pg\_%'

    order by
        dependent_schema, dependent_name, referenced_schema, referenced_name;
[0m09:55:35.114140 [debug] [MainThread]: SQL status: SELECT 0 in 0.008 seconds
[0m09:55:35.116751 [debug] [MainThread]: Sending event: {'category': 'dbt', 'action': 'runnable_timing', 'label': '0542b966-b0e6-41d3-aecf-924b5ee0058f', 'context': [<snowplow_tracker.self_describing_json.SelfDescribingJson object at 0x7af7906eb610>]}
[0m09:55:35.118568 [debug] [MainThread]: On master: ROLLBACK
[0m09:55:35.120215 [debug] [MainThread]: Using postgres connection "master"
[0m09:55:35.121436 [debug] [MainThread]: On master: BEGIN
[0m09:55:35.122834 [debug] [MainThread]: SQL status: BEGIN in 0.000 seconds
[0m09:55:35.124686 [debug] [MainThread]: On master: COMMIT
[0m09:55:35.126401 [debug] [MainThread]: Using postgres connection "master"
[0m09:55:35.127938 [debug] [MainThread]: On master: COMMIT
[0m09:55:35.129956 [debug] [MainThread]: SQL status: COMMIT in 0.000 seconds
[0m09:55:35.131549 [debug] [MainThread]: On master: Close
[0m09:55:35.140664 [debug] [Thread-1 (]: Began running node seed.dbt_project.countries
[0m09:55:35.142908 [info ] [Thread-1 (]: 1 of 1 START seed file dev_schema.countries .................................... [RUN]
[0m09:55:35.145118 [debug] [Thread-1 (]: Re-using an available connection from the pool (formerly list_dbt_warehouse_dev_schema, now seed.dbt_project.countries)
[0m09:55:35.146713 [debug] [Thread-1 (]: Began compiling node seed.dbt_project.countries
[0m09:55:35.148140 [debug] [Thread-1 (]: Began executing node seed.dbt_project.countries
[0m09:55:35.183875 [debug] [Thread-1 (]: Using postgres connection "seed.dbt_project.countries"
[0m09:55:35.185743 [debug] [Thread-1 (]: On seed.dbt_project.countries: BEGIN
[0m09:55:35.187475 [debug] [Thread-1 (]: Opening a new connection, currently in state closed
[0m09:55:35.197833 [debug] [Thread-1 (]: SQL status: BEGIN in 0.010 seconds
[0m09:55:35.199589 [debug] [Thread-1 (]: Using postgres connection "seed.dbt_project.countries"
[0m09:55:35.201168 [debug] [Thread-1 (]: On seed.dbt_project.countries: /* {"app": "dbt", "dbt_version": "1.9.1", "profile_name": "dbt_production_profile", "target_name": "dev", "node_id": "seed.dbt_project.countries"} */

    create table "dbt_warehouse"."dev_schema"."countries" ("country_code" text,"country_name" text)
  
[0m09:55:35.232036 [debug] [Thread-1 (]: SQL status: CREATE TABLE in 0.029 seconds
[0m09:55:35.249732 [debug] [Thread-1 (]: Using postgres connection "seed.dbt_project.countries"
[0m09:55:35.251859 [debug] [Thread-1 (]: On seed.dbt_project.countries: 
          insert into "dbt_warehouse"."dev_schema"."countries" ("country_code", "country_name") values
          (%s,%s),(%s,%s),(%s,%s)
      ...
[0m09:55:35.255100 [debug] [Thread-1 (]: SQL status: INSERT 0 3 in 0.002 seconds
[0m09:55:35.260765 [debug] [Thread-1 (]: Writing runtime SQL for node "seed.dbt_project.countries"
[0m09:55:35.291215 [debug] [Thread-1 (]: On seed.dbt_project.countries: COMMIT
[0m09:55:35.292924 [debug] [Thread-1 (]: Using postgres connection "seed.dbt_project.countries"
[0m09:55:35.294251 [debug] [Thread-1 (]: On seed.dbt_project.countries: COMMIT
[0m09:55:35.298594 [debug] [Thread-1 (]: SQL status: COMMIT in 0.003 seconds
[0m09:55:35.302213 [debug] [Thread-1 (]: On seed.dbt_project.countries: Close
[0m09:55:35.306577 [debug] [Thread-1 (]: Sending event: {'category': 'dbt', 'action': 'run_model', 'label': '0542b966-b0e6-41d3-aecf-924b5ee0058f', 'context': [<snowplow_tracker.self_describing_json.SelfDescribingJson object at 0x7af78d9dbb50>]}
[0m09:55:35.308434 [info ] [Thread-1 (]: 1 of 1 OK loaded seed file dev_schema.countries ................................ [[32mINSERT 3[0m in 0.16s]
[0m09:55:35.311279 [debug] [Thread-1 (]: Finished running node seed.dbt_project.countries
[0m09:55:35.315724 [debug] [MainThread]: Using postgres connection "master"
[0m09:55:35.317761 [debug] [MainThread]: On master: BEGIN
[0m09:55:35.319460 [debug] [MainThread]: Opening a new connection, currently in state closed
[0m09:55:35.329588 [debug] [MainThread]: SQL status: BEGIN in 0.010 seconds
[0m09:55:35.331075 [debug] [MainThread]: On master: COMMIT
[0m09:55:35.332548 [debug] [MainThread]: Using postgres connection "master"
[0m09:55:35.333926 [debug] [MainThread]: On master: COMMIT
[0m09:55:35.336156 [debug] [MainThread]: SQL status: COMMIT in 0.000 seconds
[0m09:55:35.338116 [debug] [MainThread]: On master: Close
[0m09:55:35.340338 [debug] [MainThread]: Connection 'master' was properly closed.
[0m09:55:35.341736 [debug] [MainThread]: Connection 'seed.dbt_project.countries' was properly closed.
[0m09:55:35.342871 [info ] [MainThread]: 
[0m09:55:35.344510 [info ] [MainThread]: Finished running 1 seed in 0 hours 0 minutes and 0.42 seconds (0.42s).
[0m09:55:35.346566 [debug] [MainThread]: Command end result
[0m09:55:35.388528 [debug] [MainThread]: Wrote artifact WritableManifest to /usr/app/target/manifest.json
[0m09:55:35.402317 [debug] [MainThread]: Wrote artifact SemanticManifest to /usr/app/target/semantic_manifest.json
[0m09:55:35.422825 [debug] [MainThread]: Wrote artifact RunExecutionResult to /usr/app/target/run_results.json
[0m09:55:35.424693 [info ] [MainThread]: 
[0m09:55:35.426402 [info ] [MainThread]: [32mCompleted successfully[0m
[0m09:55:35.428704 [info ] [MainThread]: 
[0m09:55:35.430596 [info ] [MainThread]: Done. PASS=1 WARN=0 ERROR=0 SKIP=0 TOTAL=1
[0m09:55:35.435226 [debug] [MainThread]: Resource report: {"command_name": "seed", "command_success": true, "command_wall_clock_time": 1.7343464, "process_in_blocks": "101592", "process_kernel_time": 0.600238, "process_mem_max_rss": "126204", "process_out_blocks": "2240", "process_user_time": 1.976296}
[0m09:55:35.437511 [debug] [MainThread]: Command `dbt seed` succeeded at 09:55:35.437344 after 1.74 seconds
[0m09:55:35.439259 [debug] [MainThread]: Sending event: {'category': 'dbt', 'action': 'invocation', 'label': 'end', 'context': [<snowplow_tracker.self_describing_json.SelfDescribingJson object at 0x7af790003d10>, <snowplow_tracker.self_describing_json.SelfDescribingJson object at 0x7af7902e3b50>, <snowplow_tracker.self_describing_json.SelfDescribingJson object at 0x7af79047f450>]}
[0m09:55:35.440839 [debug] [MainThread]: Flushing usage events
[0m09:55:35.897377 [debug] [MainThread]: An error was encountered while trying to flush usage events
